<?xml version="1.0" encoding="UTF-8"?>
<robot generator="Robot 7.3.2 (Python 3.13.5 on win32)" generated="2025-12-17T19:55:51.567178" rpa="false" schemaversion="5">
<suite id="s1" name="Project" source="C:\Users\Admin\Desktop\se-ui-test\project.robot">
<test id="s1-t1" name="ไม่ใส่บทคัดย่อแล้วกดถัดไป" line="11">
<kw name="Login to SE project" owner="project_resource">
<kw name="Open Browser" owner="SeleniumLibrary">
<msg time="2025-12-17T19:55:53.226790" level="INFO">Opening browser 'chrome' to base url 'http://localhost:5173/'.</msg>
<arg>${URL}</arg>
<arg>chrome</arg>
<doc>Opens a new browser instance to the optional ``url``.</doc>
<status status="PASS" start="2025-12-17T19:55:53.225995" elapsed="18.160271"/>
</kw>
<kw name="Maximize Browser Window" owner="SeleniumLibrary">
<doc>Maximizes current browser window.</doc>
<status status="PASS" start="2025-12-17T19:56:11.387350" elapsed="2.806782"/>
</kw>
<kw name="Wait Until Element Is Visible" owner="SeleniumLibrary">
<arg>id=basic_sut_id</arg>
<arg>10s</arg>
<doc>Waits until the element ``locator`` is visible.</doc>
<status status="PASS" start="2025-12-17T19:56:14.194749" elapsed="0.965979"/>
</kw>
<kw name="Input Text" owner="SeleniumLibrary">
<msg time="2025-12-17T19:56:15.162081" level="INFO">Typing text 'B6712123' into text field 'id=basic_sut_id'.</msg>
<arg>id=basic_sut_id</arg>
<arg>${USERNAME}</arg>
<doc>Types the given ``text`` into the text field identified by ``locator``.</doc>
<status status="PASS" start="2025-12-17T19:56:15.161409" elapsed="4.869757"/>
</kw>
<kw name="Wait Until Element Is Visible" owner="SeleniumLibrary">
<arg>id=basic_password</arg>
<arg>10s</arg>
<doc>Waits until the element ``locator`` is visible.</doc>
<status status="PASS" start="2025-12-17T19:56:20.031678" elapsed="0.425216"/>
</kw>
<kw name="Input Text" owner="SeleniumLibrary">
<msg time="2025-12-17T19:56:20.457995" level="INFO">Typing text '123' into text field 'id=basic_password'.</msg>
<arg>id=basic_password</arg>
<arg>${PASSWORD}</arg>
<doc>Types the given ``text`` into the text field identified by ``locator``.</doc>
<status status="PASS" start="2025-12-17T19:56:20.457343" elapsed="0.842920"/>
</kw>
<kw name="Click Element" owner="SeleniumLibrary">
<msg time="2025-12-17T19:56:21.301238" level="INFO">Clicking element 'css=button[type="submit"]'.</msg>
<arg>css=button[type="submit"]</arg>
<doc>Click the element identified by ``locator``.</doc>
<status status="PASS" start="2025-12-17T19:56:21.300728" elapsed="0.515520"/>
</kw>
<kw name="Sleep" owner="BuiltIn">
<msg time="2025-12-17T19:56:31.870123" level="INFO">Slept 10 seconds.</msg>
<arg>10s</arg>
<doc>Pauses the test executed for the given time.</doc>
<status status="PASS" start="2025-12-17T19:56:21.816688" elapsed="10.053733"/>
</kw>
<arg>${USERNAME}</arg>
<arg>${PASSWORD}</arg>
<status status="PASS" start="2025-12-17T19:55:53.222181" elapsed="38.648726"/>
</kw>
<kw name="Project Proposal Page" owner="project_resource">
<kw name="Wait Until Element Is Visible" owner="SeleniumLibrary">
<arg>xpath=//span[contains(text(), "ยื่นเสนอโครงงาน")]</arg>
<arg>10s</arg>
<doc>Waits until the element ``locator`` is visible.</doc>
<status status="PASS" start="2025-12-17T19:56:32.083036" elapsed="6.204294"/>
</kw>
<kw name="Click Element" owner="SeleniumLibrary">
<msg time="2025-12-17T19:56:38.288397" level="INFO">Clicking element 'xpath=//span[contains(text(), "ยื่นเสนอโครงงาน")]'.</msg>
<arg>xpath=//span[contains(text(), "ยื่นเสนอโครงงาน")]</arg>
<doc>Click the element identified by ``locator``.</doc>
<status status="PASS" start="2025-12-17T19:56:38.287839" elapsed="13.785332"/>
</kw>
<kw name="Sleep" owner="BuiltIn">
<msg time="2025-12-17T19:56:57.135867" level="INFO">Slept 5 seconds.</msg>
<arg>5s</arg>
<doc>Pauses the test executed for the given time.</doc>
<status status="PASS" start="2025-12-17T19:56:52.073868" elapsed="5.062348"/>
</kw>
<status status="PASS" start="2025-12-17T19:56:32.082205" elapsed="25.054564"/>
</kw>
<kw name="Create New Proposal" owner="project_resource">
<kw name="Wait Until Element Is Visible" owner="SeleniumLibrary">
<arg>xpath=//button[contains(., "สร้างคำขอเสนอโครงงานใหม่")]</arg>
<arg>10s</arg>
<doc>Waits until the element ``locator`` is visible.</doc>
<status status="PASS" start="2025-12-17T19:56:57.836171" elapsed="1.729443"/>
</kw>
<kw name="Click Element" owner="SeleniumLibrary">
<msg time="2025-12-17T19:56:59.566597" level="INFO">Clicking element 'xpath=//button[contains(., "สร้างคำขอเสนอโครงงานใหม่")]'.</msg>
<arg>xpath=//button[contains(., "สร้างคำขอเสนอโครงงานใหม่")]</arg>
<doc>Click the element identified by ``locator``.</doc>
<status status="PASS" start="2025-12-17T19:56:59.566067" elapsed="3.397324"/>
</kw>
<kw name="Sleep" owner="BuiltIn">
<msg time="2025-12-17T19:57:07.964608" level="INFO">Slept 5 seconds.</msg>
<arg>5s</arg>
<doc>Pauses the test executed for the given time.</doc>
<status status="PASS" start="2025-12-17T19:57:02.963812" elapsed="5.001066"/>
</kw>
<status status="PASS" start="2025-12-17T19:56:57.835411" elapsed="10.129730"/>
</kw>
<kw name="กรอกข้อมูลทั่วไปเกี่ยวกับโครงงาน" owner="project_resource">
<kw name="Scroll Element Into View" owner="SeleniumLibrary">
<arg>xpath=//textarea[@placeholder='ระบุบทคัดย่อ...']</arg>
<doc>Scrolls the element identified by ``locator`` into view.</doc>
<status status="PASS" start="2025-12-17T19:57:08.066698" elapsed="0.425772"/>
</kw>
<kw name="Wait Until Element Is Visible" owner="SeleniumLibrary">
<arg>xpath=//input[@placeholder='ระบุชื่อภาษาไทย...']</arg>
<arg>10s</arg>
<doc>Waits until the element ``locator`` is visible.</doc>
<status status="PASS" start="2025-12-17T19:57:08.492909" elapsed="0.248677"/>
</kw>
<kw name="Input Text" owner="SeleniumLibrary">
<msg time="2025-12-17T19:57:08.742704" level="INFO">Typing text 'โครงงานทดสอบอัตโนมัติ' into text field 'xpath=//input[@placeholder='ระบุชื่อภาษาไทย...']'.</msg>
<arg>xpath=//input[@placeholder='ระบุชื่อภาษาไทย...']</arg>
<arg>${TH_TITLE}</arg>
<doc>Types the given ``text`` into the text field identified by ``locator``.</doc>
<status status="PASS" start="2025-12-17T19:57:08.742073" elapsed="2.481794"/>
</kw>
<kw name="Input Text" owner="SeleniumLibrary">
<msg time="2025-12-17T19:57:11.224939" level="INFO">Typing text 'Automated Testing Project' into text field 'xpath=//input[@placeholder='Specify English title...']'.</msg>
<arg>xpath=//input[@placeholder='Specify English title...']</arg>
<arg>${EN_TITLE}</arg>
<doc>Types the given ``text`` into the text field identified by ``locator``.</doc>
<status status="PASS" start="2025-12-17T19:57:11.224318" elapsed="0.777678"/>
</kw>
<kw name="Input Text" owner="SeleniumLibrary">
<msg time="2025-12-17T19:57:12.003305" level="INFO">Typing text '' into text field 'xpath=//textarea[@placeholder='ระบุบทคัดย่อ...']'.</msg>
<arg>xpath=//textarea[@placeholder='ระบุบทคัดย่อ...']</arg>
<arg>${ABSTRACT}</arg>
<doc>Types the given ``text`` into the text field identified by ``locator``.</doc>
<status status="PASS" start="2025-12-17T19:57:12.002672" elapsed="0.181684"/>
</kw>
<arg>โครงงานทดสอบอัตโนมัติ</arg>
<arg>Automated Testing Project</arg>
<arg>${EMPTY}</arg>
<status status="PASS" start="2025-12-17T19:57:08.064715" elapsed="4.119953"/>
</kw>
<kw name="กดปุ่มถัดไป" owner="project_resource">
<kw name="Wait Until Element Is Visible" owner="SeleniumLibrary">
<arg>xpath=//button[contains(., "ถัดไป")]</arg>
<arg>10s</arg>
<doc>Waits until the element ``locator`` is visible.</doc>
<status status="PASS" start="2025-12-17T19:57:12.188882" elapsed="0.076515"/>
</kw>
<kw name="Click Element" owner="SeleniumLibrary">
<msg time="2025-12-17T19:57:12.267115" level="INFO">Clicking element 'xpath=//button[contains(., "ถัดไป")]'.</msg>
<arg>xpath=//button[contains(., "ถัดไป")]</arg>
<doc>Click the element identified by ``locator``.</doc>
<status status="PASS" start="2025-12-17T19:57:12.266588" elapsed="0.507969"/>
</kw>
<status status="PASS" start="2025-12-17T19:57:12.188038" elapsed="0.586836"/>
</kw>
<kw name="Sleep" owner="BuiltIn">
<msg time="2025-12-17T19:57:17.780553" level="INFO">Slept 5 seconds.</msg>
<arg>5s</arg>
<doc>Pauses the test executed for the given time.</doc>
<status status="PASS" start="2025-12-17T19:57:12.779538" elapsed="5.001296"/>
</kw>
<kw name="Handle Alert" owner="SeleniumLibrary">
<msg time="2025-12-17T19:57:17.783228" level="INFO">HANDLE::&lt;class 'NoneType'&gt;::None</msg>
<msg time="2025-12-17T19:57:17.874185" level="INFO">${alert_message} = กรุณากรอกข้อมูลให้ครบถ้วน:  - กรุณาระบุ 'บทคัดย่อ'</msg>
<var>${alert_message}</var>
<arg>action=ACCEPT</arg>
<doc>Handles the current alert and returns its message.</doc>
<status status="PASS" start="2025-12-17T19:57:17.782619" elapsed="0.091946"/>
</kw>
<kw name="Should Contain" owner="BuiltIn">
<arg>${alert_message}</arg>
<arg>กรุณาระบุ 'บทคัดย่อ'</arg>
<doc>Fails if ``container`` does not contain ``item`` one or more times.</doc>
<status status="PASS" start="2025-12-17T19:57:17.878304" elapsed="0.001628"/>
</kw>
<kw name="Sleep" owner="BuiltIn">
<msg time="2025-12-17T19:57:19.883409" level="INFO">Slept 2 seconds.</msg>
<arg>2s</arg>
<doc>Pauses the test executed for the given time.</doc>
<status status="PASS" start="2025-12-17T19:57:17.881145" elapsed="2.002547"/>
</kw>
<kw name="Close Browser" owner="SeleniumLibrary">
<doc>Closes the current browser.</doc>
<status status="PASS" start="2025-12-17T19:57:19.886575" elapsed="22.012837"/>
</kw>
<kw name="Close Browser" owner="SeleniumLibrary" type="TEARDOWN">
<doc>Closes the current browser.</doc>
<status status="PASS" start="2025-12-17T19:57:41.901471" elapsed="0.000563"/>
</kw>
<status status="PASS" start="2025-12-17T19:55:53.216648" elapsed="108.686016"/>
</test>
<test id="s1-t2" name="ไม่ใส่ชื่อโครงงานภาษาไทยแล้วกดถัดไป" line="25">
<kw name="Login to SE project" owner="project_resource">
<kw name="Open Browser" owner="SeleniumLibrary">
<msg time="2025-12-17T19:57:41.913877" level="INFO">Opening browser 'chrome' to base url 'http://localhost:5173/'.</msg>
<arg>${URL}</arg>
<arg>chrome</arg>
<doc>Opens a new browser instance to the optional ``url``.</doc>
<status status="PASS" start="2025-12-17T19:57:41.912874" elapsed="13.476489"/>
</kw>
<kw name="Maximize Browser Window" owner="SeleniumLibrary">
<doc>Maximizes current browser window.</doc>
<status status="PASS" start="2025-12-17T19:57:55.390179" elapsed="1.724104"/>
</kw>
<kw name="Wait Until Element Is Visible" owner="SeleniumLibrary">
<arg>id=basic_sut_id</arg>
<arg>10s</arg>
<doc>Waits until the element ``locator`` is visible.</doc>
<status status="PASS" start="2025-12-17T19:57:57.115797" elapsed="0.763566"/>
</kw>
<kw name="Input Text" owner="SeleniumLibrary">
<msg time="2025-12-17T19:57:57.881356" level="INFO">Typing text 'B6712123' into text field 'id=basic_sut_id'.</msg>
<arg>id=basic_sut_id</arg>
<arg>${USERNAME}</arg>
<doc>Types the given ``text`` into the text field identified by ``locator``.</doc>
<status status="PASS" start="2025-12-17T19:57:57.879818" elapsed="1.714851"/>
</kw>
<kw name="Wait Until Element Is Visible" owner="SeleniumLibrary">
<arg>id=basic_password</arg>
<arg>10s</arg>
<doc>Waits until the element ``locator`` is visible.</doc>
<status status="PASS" start="2025-12-17T19:57:59.595110" elapsed="0.101669"/>
</kw>
<kw name="Input Text" owner="SeleniumLibrary">
<msg time="2025-12-17T19:57:59.697811" level="INFO">Typing text '123' into text field 'id=basic_password'.</msg>
<arg>id=basic_password</arg>
<arg>${PASSWORD}</arg>
<doc>Types the given ``text`` into the text field identified by ``locator``.</doc>
<status status="PASS" start="2025-12-17T19:57:59.697210" elapsed="1.805333"/>
</kw>
<kw name="Click Element" owner="SeleniumLibrary">
<msg time="2025-12-17T19:58:01.505434" level="INFO">Clicking element 'css=button[type="submit"]'.</msg>
<arg>css=button[type="submit"]</arg>
<doc>Click the element identified by ``locator``.</doc>
<status status="PASS" start="2025-12-17T19:58:01.504082" elapsed="1.259064"/>
</kw>
<kw name="Sleep" owner="BuiltIn">
<msg time="2025-12-17T19:58:12.764814" level="INFO">Slept 10 seconds.</msg>
<arg>10s</arg>
<doc>Pauses the test executed for the given time.</doc>
<status status="PASS" start="2025-12-17T19:58:02.763564" elapsed="10.002565"/>
</kw>
<arg>${USERNAME}</arg>
<arg>${PASSWORD}</arg>
<status status="PASS" start="2025-12-17T19:57:41.911758" elapsed="30.854656"/>
</kw>
<kw name="Project Proposal Page" owner="project_resource">
<kw name="Wait Until Element Is Visible" owner="SeleniumLibrary">
<arg>xpath=//span[contains(text(), "ยื่นเสนอโครงงาน")]</arg>
<arg>10s</arg>
<doc>Waits until the element ``locator`` is visible.</doc>
<status status="PASS" start="2025-12-17T19:58:12.770093" elapsed="0.101174"/>
</kw>
<kw name="Click Element" owner="SeleniumLibrary">
<msg time="2025-12-17T19:58:12.872201" level="INFO">Clicking element 'xpath=//span[contains(text(), "ยื่นเสนอโครงงาน")]'.</msg>
<arg>xpath=//span[contains(text(), "ยื่นเสนอโครงงาน")]</arg>
<doc>Click the element identified by ``locator``.</doc>
<status status="PASS" start="2025-12-17T19:58:12.871714" elapsed="0.313148"/>
</kw>
<kw name="Sleep" owner="BuiltIn">
<msg time="2025-12-17T19:58:18.186087" level="INFO">Slept 5 seconds.</msg>
<arg>5s</arg>
<doc>Pauses the test executed for the given time.</doc>
<status status="PASS" start="2025-12-17T19:58:13.185408" elapsed="5.000939"/>
</kw>
<status status="PASS" start="2025-12-17T19:58:12.769291" elapsed="5.417312"/>
</kw>
<kw name="Create New Proposal" owner="project_resource">
<kw name="Wait Until Element Is Visible" owner="SeleniumLibrary">
<arg>xpath=//button[contains(., "สร้างคำขอเสนอโครงงานใหม่")]</arg>
<arg>10s</arg>
<doc>Waits until the element ``locator`` is visible.</doc>
<status status="PASS" start="2025-12-17T19:58:18.189483" elapsed="0.152168"/>
</kw>
<kw name="Click Element" owner="SeleniumLibrary">
<msg time="2025-12-17T19:58:18.342565" level="INFO">Clicking element 'xpath=//button[contains(., "สร้างคำขอเสนอโครงงานใหม่")]'.</msg>
<arg>xpath=//button[contains(., "สร้างคำขอเสนอโครงงานใหม่")]</arg>
<doc>Click the element identified by ``locator``.</doc>
<status status="PASS" start="2025-12-17T19:58:18.342081" elapsed="0.303539"/>
</kw>
<kw name="Sleep" owner="BuiltIn">
<msg time="2025-12-17T19:58:23.652335" level="INFO">Slept 5 seconds.</msg>
<arg>5s</arg>
<doc>Pauses the test executed for the given time.</doc>
<status status="PASS" start="2025-12-17T19:58:18.646059" elapsed="5.006539"/>
</kw>
<status status="PASS" start="2025-12-17T19:58:18.188661" elapsed="5.464335"/>
</kw>
<kw name="กรอกข้อมูลทั่วไปเกี่ยวกับโครงงาน" owner="project_resource">
<kw name="Scroll Element Into View" owner="SeleniumLibrary">
<arg>xpath=//textarea[@placeholder='ระบุบทคัดย่อ...']</arg>
<doc>Scrolls the element identified by ``locator`` into view.</doc>
<status status="PASS" start="2025-12-17T19:58:23.666715" elapsed="0.370008"/>
</kw>
<kw name="Wait Until Element Is Visible" owner="SeleniumLibrary">
<arg>xpath=//input[@placeholder='ระบุชื่อภาษาไทย...']</arg>
<arg>10s</arg>
<doc>Waits until the element ``locator`` is visible.</doc>
<status status="PASS" start="2025-12-17T19:58:24.037703" elapsed="0.058034"/>
</kw>
<kw name="Input Text" owner="SeleniumLibrary">
<msg time="2025-12-17T19:58:24.099436" level="INFO">Typing text '' into text field 'xpath=//input[@placeholder='ระบุชื่อภาษาไทย...']'.</msg>
<arg>xpath=//input[@placeholder='ระบุชื่อภาษาไทย...']</arg>
<arg>${TH_TITLE}</arg>
<doc>Types the given ``text`` into the text field identified by ``locator``.</doc>
<status status="PASS" start="2025-12-17T19:58:24.098777" elapsed="0.184134"/>
</kw>
<kw name="Input Text" owner="SeleniumLibrary">
<msg time="2025-12-17T19:58:24.284082" level="INFO">Typing text 'Automated Testing Project' into text field 'xpath=//input[@placeholder='Specify English title...']'.</msg>
<arg>xpath=//input[@placeholder='Specify English title...']</arg>
<arg>${EN_TITLE}</arg>
<doc>Types the given ``text`` into the text field identified by ``locator``.</doc>
<status status="PASS" start="2025-12-17T19:58:24.283342" elapsed="0.745938"/>
</kw>
<kw name="Input Text" owner="SeleniumLibrary">
<msg time="2025-12-17T19:58:25.030318" level="INFO">Typing text 'Automated Testing Project Abstract' into text field 'xpath=//textarea[@placeholder='ระบุบทคัดย่อ...']'.</msg>
<arg>xpath=//textarea[@placeholder='ระบุบทคัดย่อ...']</arg>
<arg>${ABSTRACT}</arg>
<doc>Types the given ``text`` into the text field identified by ``locator``.</doc>
<status status="PASS" start="2025-12-17T19:58:25.029713" elapsed="0.787129"/>
</kw>
<arg>${EMPTY}</arg>
<arg>Automated Testing Project</arg>
<arg>Automated Testing Project Abstract</arg>
<status status="PASS" start="2025-12-17T19:58:23.655258" elapsed="2.161975"/>
</kw>
<kw name="กดปุ่มถัดไป" owner="project_resource">
<kw name="Wait Until Element Is Visible" owner="SeleniumLibrary">
<arg>xpath=//button[contains(., "ถัดไป")]</arg>
<arg>10s</arg>
<doc>Waits until the element ``locator`` is visible.</doc>
<status status="PASS" start="2025-12-17T19:58:25.819123" elapsed="0.058224"/>
</kw>
<kw name="Click Element" owner="SeleniumLibrary">
<msg time="2025-12-17T19:58:25.878290" level="INFO">Clicking element 'xpath=//button[contains(., "ถัดไป")]'.</msg>
<arg>xpath=//button[contains(., "ถัดไป")]</arg>
<doc>Click the element identified by ``locator``.</doc>
<status status="PASS" start="2025-12-17T19:58:25.877797" elapsed="0.236151"/>
</kw>
<status status="PASS" start="2025-12-17T19:58:25.818083" elapsed="0.296161"/>
</kw>
<kw name="Sleep" owner="BuiltIn">
<msg time="2025-12-17T19:58:31.117202" level="INFO">Slept 5 seconds.</msg>
<arg>5s</arg>
<doc>Pauses the test executed for the given time.</doc>
<status status="PASS" start="2025-12-17T19:58:26.116231" elapsed="5.001233"/>
</kw>
<kw name="Handle Alert" owner="SeleniumLibrary">
<msg time="2025-12-17T19:58:31.119300" level="INFO">HANDLE::&lt;class 'NoneType'&gt;::None</msg>
<msg time="2025-12-17T19:58:31.171900" level="INFO">${alert_message} = กรุณากรอกข้อมูลให้ครบถ้วน:  - กรุณาระบุ 'ชื่อโครงงาน (ภาษาไทย)'</msg>
<var>${alert_message}</var>
<arg>action=ACCEPT</arg>
<doc>Handles the current alert and returns its message.</doc>
<status status="PASS" start="2025-12-17T19:58:31.118795" elapsed="0.053240"/>
</kw>
<kw name="Should Contain" owner="BuiltIn">
<arg>${alert_message}</arg>
<arg>กรุณาระบุ 'ชื่อโครงงาน (ภาษาไทย)'</arg>
<doc>Fails if ``container`` does not contain ``item`` one or more times.</doc>
<status status="PASS" start="2025-12-17T19:58:31.186452" elapsed="0.000545"/>
</kw>
<kw name="Sleep" owner="BuiltIn">
<msg time="2025-12-17T19:58:33.191851" level="INFO">Slept 2 seconds.</msg>
<arg>2s</arg>
<doc>Pauses the test executed for the given time.</doc>
<status status="PASS" start="2025-12-17T19:58:31.189124" elapsed="2.002994"/>
</kw>
<kw name="Close Browser" owner="SeleniumLibrary">
<doc>Closes the current browser.</doc>
<status status="PASS" start="2025-12-17T19:58:33.193884" elapsed="2.472391"/>
</kw>
<kw name="Close Browser" owner="SeleniumLibrary" type="TEARDOWN">
<doc>Closes the current browser.</doc>
<status status="PASS" start="2025-12-17T19:58:35.668442" elapsed="0.000872"/>
</kw>
<status status="PASS" start="2025-12-17T19:57:41.905551" elapsed="53.765976"/>
</test>
<test id="s1-t3" name="ใส่ชื่อโครงงานภาษาไทยที่มีภาษาอังกฤษผสมแล้วกดถัดไป" line="39">
<kw name="Login to SE project" owner="project_resource">
<kw name="Open Browser" owner="SeleniumLibrary">
<msg time="2025-12-17T19:58:35.689950" level="INFO">Opening browser 'chrome' to base url 'http://localhost:5173/'.</msg>
<arg>${URL}</arg>
<arg>chrome</arg>
<doc>Opens a new browser instance to the optional ``url``.</doc>
<status status="PASS" start="2025-12-17T19:58:35.689112" elapsed="7.915703"/>
</kw>
<kw name="Maximize Browser Window" owner="SeleniumLibrary">
<doc>Maximizes current browser window.</doc>
<status status="PASS" start="2025-12-17T19:58:43.605249" elapsed="0.145960"/>
</kw>
<kw name="Wait Until Element Is Visible" owner="SeleniumLibrary">
<arg>id=basic_sut_id</arg>
<arg>10s</arg>
<doc>Waits until the element ``locator`` is visible.</doc>
<status status="PASS" start="2025-12-17T19:58:43.752404" elapsed="0.341398"/>
</kw>
<kw name="Input Text" owner="SeleniumLibrary">
<msg time="2025-12-17T19:58:44.094862" level="INFO">Typing text 'B6712123' into text field 'id=basic_sut_id'.</msg>
<arg>id=basic_sut_id</arg>
<arg>${USERNAME}</arg>
<doc>Types the given ``text`` into the text field identified by ``locator``.</doc>
<status status="PASS" start="2025-12-17T19:58:44.094244" elapsed="0.989238"/>
</kw>
<kw name="Wait Until Element Is Visible" owner="SeleniumLibrary">
<arg>id=basic_password</arg>
<arg>10s</arg>
<doc>Waits until the element ``locator`` is visible.</doc>
<status status="PASS" start="2025-12-17T19:58:45.083949" elapsed="0.089365"/>
</kw>
<kw name="Input Text" owner="SeleniumLibrary">
<msg time="2025-12-17T19:58:45.174459" level="INFO">Typing text '123' into text field 'id=basic_password'.</msg>
<arg>id=basic_password</arg>
<arg>${PASSWORD}</arg>
<doc>Types the given ``text`` into the text field identified by ``locator``.</doc>
<status status="PASS" start="2025-12-17T19:58:45.173800" elapsed="0.853373"/>
</kw>
<kw name="Click Element" owner="SeleniumLibrary">
<msg time="2025-12-17T19:58:46.029010" level="INFO">Clicking element 'css=button[type="submit"]'.</msg>
<arg>css=button[type="submit"]</arg>
<doc>Click the element identified by ``locator``.</doc>
<status status="PASS" start="2025-12-17T19:58:46.028471" elapsed="1.061061"/>
</kw>
<kw name="Sleep" owner="BuiltIn">
<msg time="2025-12-17T19:58:57.090713" level="INFO">Slept 10 seconds.</msg>
<arg>10s</arg>
<doc>Pauses the test executed for the given time.</doc>
<status status="PASS" start="2025-12-17T19:58:47.089948" elapsed="10.001293"/>
</kw>
<arg>${USERNAME}</arg>
<arg>${PASSWORD}</arg>
<status status="PASS" start="2025-12-17T19:58:35.687878" elapsed="21.403992"/>
</kw>
<kw name="Project Proposal Page" owner="project_resource">
<kw name="Wait Until Element Is Visible" owner="SeleniumLibrary">
<arg>xpath=//span[contains(text(), "ยื่นเสนอโครงงาน")]</arg>
<arg>10s</arg>
<doc>Waits until the element ``locator`` is visible.</doc>
<status status="PASS" start="2025-12-17T19:58:57.096117" elapsed="0.067336"/>
</kw>
<kw name="Click Element" owner="SeleniumLibrary">
<msg time="2025-12-17T19:58:57.164689" level="INFO">Clicking element 'xpath=//span[contains(text(), "ยื่นเสนอโครงงาน")]'.</msg>
<arg>xpath=//span[contains(text(), "ยื่นเสนอโครงงาน")]</arg>
<doc>Click the element identified by ``locator``.</doc>
<status status="PASS" start="2025-12-17T19:58:57.164092" elapsed="0.303539"/>
</kw>
<kw name="Sleep" owner="BuiltIn">
<msg time="2025-12-17T19:59:02.477634" level="INFO">Slept 5 seconds.</msg>
<arg>5s</arg>
<doc>Pauses the test executed for the given time.</doc>
<status status="PASS" start="2025-12-17T19:58:57.468549" elapsed="5.010242"/>
</kw>
<status status="PASS" start="2025-12-17T19:58:57.094327" elapsed="5.385399"/>
</kw>
<kw name="Create New Proposal" owner="project_resource">
<kw name="Wait Until Element Is Visible" owner="SeleniumLibrary">
<arg>xpath=//button[contains(., "สร้างคำขอเสนอโครงงานใหม่")]</arg>
<arg>10s</arg>
<doc>Waits until the element ``locator`` is visible.</doc>
<status status="PASS" start="2025-12-17T19:59:02.486272" elapsed="0.080184"/>
</kw>
<kw name="Click Element" owner="SeleniumLibrary">
<msg time="2025-12-17T19:59:02.567389" level="INFO">Clicking element 'xpath=//button[contains(., "สร้างคำขอเสนอโครงงานใหม่")]'.</msg>
<arg>xpath=//button[contains(., "สร้างคำขอเสนอโครงงานใหม่")]</arg>
<doc>Click the element identified by ``locator``.</doc>
<status status="PASS" start="2025-12-17T19:59:02.566901" elapsed="0.233860"/>
</kw>
<kw name="Sleep" owner="BuiltIn">
<msg time="2025-12-17T19:59:07.803405" level="INFO">Slept 5 seconds.</msg>
<arg>5s</arg>
<doc>Pauses the test executed for the given time.</doc>
<status status="PASS" start="2025-12-17T19:59:02.801385" elapsed="5.002297"/>
</kw>
<status status="PASS" start="2025-12-17T19:59:02.484562" elapsed="5.319415"/>
</kw>
<kw name="กรอกข้อมูลทั่วไปเกี่ยวกับโครงงาน" owner="project_resource">
<kw name="Scroll Element Into View" owner="SeleniumLibrary">
<arg>xpath=//textarea[@placeholder='ระบุบทคัดย่อ...']</arg>
<doc>Scrolls the element identified by ``locator`` into view.</doc>
<status status="PASS" start="2025-12-17T19:59:07.806629" elapsed="0.352533"/>
</kw>
<kw name="Wait Until Element Is Visible" owner="SeleniumLibrary">
<arg>xpath=//input[@placeholder='ระบุชื่อภาษาไทย...']</arg>
<arg>10s</arg>
<doc>Waits until the element ``locator`` is visible.</doc>
<status status="PASS" start="2025-12-17T19:59:08.159598" elapsed="0.098812"/>
</kw>
<kw name="Input Text" owner="SeleniumLibrary">
<msg time="2025-12-17T19:59:08.259469" level="INFO">Typing text 'โครงงานทดสอบ Auto' into text field 'xpath=//input[@placeholder='ระบุชื่อภาษาไทย...']'.</msg>
<arg>xpath=//input[@placeholder='ระบุชื่อภาษาไทย...']</arg>
<arg>${TH_TITLE}</arg>
<doc>Types the given ``text`` into the text field identified by ``locator``.</doc>
<status status="PASS" start="2025-12-17T19:59:08.258857" elapsed="0.682849"/>
</kw>
<kw name="Input Text" owner="SeleniumLibrary">
<msg time="2025-12-17T19:59:08.943148" level="INFO">Typing text 'Automated Testing Project' into text field 'xpath=//input[@placeholder='Specify English title...']'.</msg>
<arg>xpath=//input[@placeholder='Specify English title...']</arg>
<arg>${EN_TITLE}</arg>
<doc>Types the given ``text`` into the text field identified by ``locator``.</doc>
<status status="PASS" start="2025-12-17T19:59:08.942368" elapsed="0.702913"/>
</kw>
<kw name="Input Text" owner="SeleniumLibrary">
<msg time="2025-12-17T19:59:09.650228" level="INFO">Typing text 'Automated Testing Project Abstract' into text field 'xpath=//textarea[@placeholder='ระบุบทคัดย่อ...']'.</msg>
<arg>xpath=//textarea[@placeholder='ระบุบทคัดย่อ...']</arg>
<arg>${ABSTRACT}</arg>
<doc>Types the given ``text`` into the text field identified by ``locator``.</doc>
<status status="PASS" start="2025-12-17T19:59:09.645712" elapsed="0.750956"/>
</kw>
<arg>โครงงานทดสอบ Auto</arg>
<arg>Automated Testing Project</arg>
<arg>Automated Testing Project Abstract</arg>
<status status="PASS" start="2025-12-17T19:59:07.805125" elapsed="2.591852"/>
</kw>
<kw name="กดปุ่มถัดไป" owner="project_resource">
<kw name="Wait Until Element Is Visible" owner="SeleniumLibrary">
<arg>xpath=//button[contains(., "ถัดไป")]</arg>
<arg>10s</arg>
<doc>Waits until the element ``locator`` is visible.</doc>
<status status="PASS" start="2025-12-17T19:59:10.402191" elapsed="0.062613"/>
</kw>
<kw name="Click Element" owner="SeleniumLibrary">
<msg time="2025-12-17T19:59:10.465719" level="INFO">Clicking element 'xpath=//button[contains(., "ถัดไป")]'.</msg>
<arg>xpath=//button[contains(., "ถัดไป")]</arg>
<doc>Click the element identified by ``locator``.</doc>
<status status="PASS" start="2025-12-17T19:59:10.465239" elapsed="0.229664"/>
</kw>
<status status="PASS" start="2025-12-17T19:59:10.401324" elapsed="0.293874"/>
</kw>
<kw name="Sleep" owner="BuiltIn">
<msg time="2025-12-17T19:59:15.704859" level="INFO">Slept 5 seconds.</msg>
<arg>5s</arg>
<doc>Pauses the test executed for the given time.</doc>
<status status="PASS" start="2025-12-17T19:59:10.697683" elapsed="5.007780"/>
</kw>
<kw name="Handle Alert" owner="SeleniumLibrary">
<msg time="2025-12-17T19:59:15.708750" level="INFO">HANDLE::&lt;class 'NoneType'&gt;::None</msg>
<msg time="2025-12-17T19:59:15.801363" level="INFO">${alert_message} = กรุณากรอกข้อมูลให้ครบถ้วน:  - ชื่อโครงงาน (ภาษาไทย) ต้องเป็นภาษาไทยเท่านั้น (ห้ามมีภาษาอังกฤษ)</msg>
<var>${alert_message}</var>
<arg>action=ACCEPT</arg>
<doc>Handles the current alert and returns its message.</doc>
<status status="PASS" start="2025-12-17T19:59:15.707755" elapsed="0.093732"/>
</kw>
<kw name="Should Contain" owner="BuiltIn">
<arg>${alert_message}</arg>
<arg>ชื่อโครงงาน (ภาษาไทย) ต้องเป็นภาษาไทยเท่านั้น (ห้ามมีภาษาอังกฤษ)</arg>
<doc>Fails if ``container`` does not contain ``item`` one or more times.</doc>
<status status="PASS" start="2025-12-17T19:59:15.802267" elapsed="0.000529"/>
</kw>
<kw name="Sleep" owner="BuiltIn">
<msg time="2025-12-17T19:59:17.806427" level="INFO">Slept 2 seconds.</msg>
<arg>2s</arg>
<doc>Pauses the test executed for the given time.</doc>
<status status="PASS" start="2025-12-17T19:59:15.803737" elapsed="2.002971"/>
</kw>
<kw name="Close Browser" owner="SeleniumLibrary">
<doc>Closes the current browser.</doc>
<status status="PASS" start="2025-12-17T19:59:17.808228" elapsed="2.526785"/>
</kw>
<kw name="Close Browser" owner="SeleniumLibrary" type="TEARDOWN">
<doc>Closes the current browser.</doc>
<status status="PASS" start="2025-12-17T19:59:20.336796" elapsed="0.000863"/>
</kw>
<status status="PASS" start="2025-12-17T19:58:35.676353" elapsed="44.662355"/>
</test>
<test id="s1-t4" name="ไม่ใส่ชื่อโครงงานภาษาอังกฤษแล้วกดถัดไป" line="53">
<kw name="Login to SE project" owner="project_resource">
<kw name="Open Browser" owner="SeleniumLibrary">
<msg time="2025-12-17T19:59:20.356755" level="INFO">Opening browser 'chrome' to base url 'http://localhost:5173/'.</msg>
<arg>${URL}</arg>
<arg>chrome</arg>
<doc>Opens a new browser instance to the optional ``url``.</doc>
<status status="PASS" start="2025-12-17T19:59:20.356211" elapsed="7.475709"/>
</kw>
<kw name="Maximize Browser Window" owner="SeleniumLibrary">
<doc>Maximizes current browser window.</doc>
<status status="PASS" start="2025-12-17T19:59:27.832348" elapsed="0.158496"/>
</kw>
<kw name="Wait Until Element Is Visible" owner="SeleniumLibrary">
<arg>id=basic_sut_id</arg>
<arg>10s</arg>
<doc>Waits until the element ``locator`` is visible.</doc>
<status status="PASS" start="2025-12-17T19:59:27.991256" elapsed="0.090372"/>
</kw>
<kw name="Input Text" owner="SeleniumLibrary">
<msg time="2025-12-17T19:59:28.083447" level="INFO">Typing text 'B6712123' into text field 'id=basic_sut_id'.</msg>
<arg>id=basic_sut_id</arg>
<arg>${USERNAME}</arg>
<doc>Types the given ``text`` into the text field identified by ``locator``.</doc>
<status status="PASS" start="2025-12-17T19:59:28.082776" elapsed="1.210012"/>
</kw>
<kw name="Wait Until Element Is Visible" owner="SeleniumLibrary">
<arg>id=basic_password</arg>
<arg>10s</arg>
<doc>Waits until the element ``locator`` is visible.</doc>
<status status="PASS" start="2025-12-17T19:59:29.293231" elapsed="0.058768"/>
</kw>
<kw name="Input Text" owner="SeleniumLibrary">
<msg time="2025-12-17T19:59:29.353045" level="INFO">Typing text '123' into text field 'id=basic_password'.</msg>
<arg>id=basic_password</arg>
<arg>${PASSWORD}</arg>
<doc>Types the given ``text`` into the text field identified by ``locator``.</doc>
<status status="PASS" start="2025-12-17T19:59:29.352438" elapsed="0.382208"/>
</kw>
<kw name="Click Element" owner="SeleniumLibrary">
<msg time="2025-12-17T19:59:29.735568" level="INFO">Clicking element 'css=button[type="submit"]'.</msg>
<arg>css=button[type="submit"]</arg>
<doc>Click the element identified by ``locator``.</doc>
<status status="PASS" start="2025-12-17T19:59:29.735084" elapsed="0.298291"/>
</kw>
<kw name="Sleep" owner="BuiltIn">
<msg time="2025-12-17T19:59:40.035211" level="INFO">Slept 10 seconds.</msg>
<arg>10s</arg>
<doc>Pauses the test executed for the given time.</doc>
<status status="PASS" start="2025-12-17T19:59:30.033797" elapsed="10.001975"/>
</kw>
<arg>${USERNAME}</arg>
<arg>${PASSWORD}</arg>
<status status="PASS" start="2025-12-17T19:59:20.355035" elapsed="19.681386"/>
</kw>
<kw name="Project Proposal Page" owner="project_resource">
<kw name="Wait Until Element Is Visible" owner="SeleniumLibrary">
<arg>xpath=//span[contains(text(), "ยื่นเสนอโครงงาน")]</arg>
<arg>10s</arg>
<doc>Waits until the element ``locator`` is visible.</doc>
<status status="PASS" start="2025-12-17T19:59:40.040746" elapsed="0.078078"/>
</kw>
<kw name="Click Element" owner="SeleniumLibrary">
<msg time="2025-12-17T19:59:40.120550" level="INFO">Clicking element 'xpath=//span[contains(text(), "ยื่นเสนอโครงงาน")]'.</msg>
<arg>xpath=//span[contains(text(), "ยื่นเสนอโครงงาน")]</arg>
<doc>Click the element identified by ``locator``.</doc>
<status status="PASS" start="2025-12-17T19:59:40.119275" elapsed="0.697724"/>
</kw>
<kw name="Sleep" owner="BuiltIn">
<msg time="2025-12-17T19:59:45.818281" level="INFO">Slept 5 seconds.</msg>
<arg>5s</arg>
<doc>Pauses the test executed for the given time.</doc>
<status status="PASS" start="2025-12-17T19:59:40.817419" elapsed="5.001123"/>
</kw>
<status status="PASS" start="2025-12-17T19:59:40.038984" elapsed="5.779820"/>
</kw>
<kw name="Create New Proposal" owner="project_resource">
<kw name="Wait Until Element Is Visible" owner="SeleniumLibrary">
<arg>xpath=//button[contains(., "สร้างคำขอเสนอโครงงานใหม่")]</arg>
<arg>10s</arg>
<doc>Waits until the element ``locator`` is visible.</doc>
<status status="PASS" start="2025-12-17T19:59:45.825169" elapsed="0.101199"/>
</kw>
<kw name="Click Element" owner="SeleniumLibrary">
<msg time="2025-12-17T19:59:45.927293" level="INFO">Clicking element 'xpath=//button[contains(., "สร้างคำขอเสนอโครงงานใหม่")]'.</msg>
<arg>xpath=//button[contains(., "สร้างคำขอเสนอโครงงานใหม่")]</arg>
<doc>Click the element identified by ``locator``.</doc>
<status status="PASS" start="2025-12-17T19:59:45.926809" elapsed="0.441478"/>
</kw>
<kw name="Sleep" owner="BuiltIn">
<msg time="2025-12-17T19:59:51.372104" level="INFO">Slept 5 seconds.</msg>
<arg>5s</arg>
<doc>Pauses the test executed for the given time.</doc>
<status status="PASS" start="2025-12-17T19:59:46.368712" elapsed="5.004019"/>
</kw>
<status status="PASS" start="2025-12-17T19:59:45.824450" elapsed="5.548905"/>
</kw>
<kw name="กรอกข้อมูลทั่วไปเกี่ยวกับโครงงาน" owner="project_resource">
<kw name="Scroll Element Into View" owner="SeleniumLibrary">
<arg>xpath=//textarea[@placeholder='ระบุบทคัดย่อ...']</arg>
<doc>Scrolls the element identified by ``locator`` into view.</doc>
<status status="PASS" start="2025-12-17T19:59:51.380212" elapsed="0.431654"/>
</kw>
<kw name="Wait Until Element Is Visible" owner="SeleniumLibrary">
<arg>xpath=//input[@placeholder='ระบุชื่อภาษาไทย...']</arg>
<arg>10s</arg>
<doc>Waits until the element ``locator`` is visible.</doc>
<status status="PASS" start="2025-12-17T19:59:51.812316" elapsed="0.056414"/>
</kw>
<kw name="Input Text" owner="SeleniumLibrary">
<msg time="2025-12-17T19:59:51.869889" level="INFO">Typing text 'โครงงานทดสอบอัตโนมัติ' into text field 'xpath=//input[@placeholder='ระบุชื่อภาษาไทย...']'.</msg>
<arg>xpath=//input[@placeholder='ระบุชื่อภาษาไทย...']</arg>
<arg>${TH_TITLE}</arg>
<doc>Types the given ``text`` into the text field identified by ``locator``.</doc>
<status status="PASS" start="2025-12-17T19:59:51.869245" elapsed="0.633770"/>
</kw>
<kw name="Input Text" owner="SeleniumLibrary">
<msg time="2025-12-17T19:59:52.505368" level="INFO">Typing text '' into text field 'xpath=//input[@placeholder='Specify English title...']'.</msg>
<arg>xpath=//input[@placeholder='Specify English title...']</arg>
<arg>${EN_TITLE}</arg>
<doc>Types the given ``text`` into the text field identified by ``locator``.</doc>
<status status="PASS" start="2025-12-17T19:59:52.504141" elapsed="0.278899"/>
</kw>
<kw name="Input Text" owner="SeleniumLibrary">
<msg time="2025-12-17T19:59:52.784587" level="INFO">Typing text 'Automated Testing Project Abstract' into text field 'xpath=//textarea[@placeholder='ระบุบทคัดย่อ...']'.</msg>
<arg>xpath=//textarea[@placeholder='ระบุบทคัดย่อ...']</arg>
<arg>${ABSTRACT}</arg>
<doc>Types the given ``text`` into the text field identified by ``locator``.</doc>
<status status="PASS" start="2025-12-17T19:59:52.783587" elapsed="1.167864"/>
</kw>
<arg>โครงงานทดสอบอัตโนมัติ</arg>
<arg>${EMPTY}</arg>
<arg>Automated Testing Project Abstract</arg>
<status status="PASS" start="2025-12-17T19:59:51.375885" elapsed="2.575867"/>
</kw>
<kw name="กดปุ่มถัดไป" owner="project_resource">
<kw name="Wait Until Element Is Visible" owner="SeleniumLibrary">
<arg>xpath=//button[contains(., "ถัดไป")]</arg>
<arg>10s</arg>
<doc>Waits until the element ``locator`` is visible.</doc>
<status status="PASS" start="2025-12-17T19:59:53.984941" elapsed="0.324304"/>
</kw>
<kw name="Click Element" owner="SeleniumLibrary">
<msg time="2025-12-17T19:59:54.310512" level="INFO">Clicking element 'xpath=//button[contains(., "ถัดไป")]'.</msg>
<arg>xpath=//button[contains(., "ถัดไป")]</arg>
<doc>Click the element identified by ``locator``.</doc>
<status status="PASS" start="2025-12-17T19:59:54.309978" elapsed="0.391654"/>
</kw>
<status status="PASS" start="2025-12-17T19:59:53.984104" elapsed="0.717819"/>
</kw>
<kw name="Sleep" owner="BuiltIn">
<msg time="2025-12-17T19:59:59.752949" level="INFO">Slept 5 seconds.</msg>
<arg>5s</arg>
<doc>Pauses the test executed for the given time.</doc>
<status status="PASS" start="2025-12-17T19:59:54.746301" elapsed="5.007229"/>
</kw>
<kw name="Handle Alert" owner="SeleniumLibrary">
<msg time="2025-12-17T19:59:59.756869" level="INFO">HANDLE::&lt;class 'NoneType'&gt;::None</msg>
<msg time="2025-12-17T20:00:00.008505" level="INFO">${alert_message} = กรุณากรอกข้อมูลให้ครบถ้วน:  - กรุณาระบุ 'Project Title (English)'</msg>
<var>${alert_message}</var>
<arg>action=ACCEPT</arg>
<doc>Handles the current alert and returns its message.</doc>
<status status="PASS" start="2025-12-17T19:59:59.755867" elapsed="0.252918"/>
</kw>
<kw name="Should Contain" owner="BuiltIn">
<arg>${alert_message}</arg>
<arg>กรุณาระบุ 'Project Title (English)'</arg>
<doc>Fails if ``container`` does not contain ``item`` one or more times.</doc>
<status status="PASS" start="2025-12-17T20:00:00.017967" elapsed="0.003446"/>
</kw>
<kw name="Sleep" owner="BuiltIn">
<msg time="2025-12-17T20:00:02.030405" level="INFO">Slept 2 seconds.</msg>
<arg>2s</arg>
<doc>Pauses the test executed for the given time.</doc>
<status status="PASS" start="2025-12-17T20:00:00.022420" elapsed="2.008253"/>
</kw>
<kw name="Close Browser" owner="SeleniumLibrary">
<doc>Closes the current browser.</doc>
<status status="PASS" start="2025-12-17T20:00:02.033514" elapsed="3.648872"/>
</kw>
<kw name="Close Browser" owner="SeleniumLibrary" type="TEARDOWN">
<doc>Closes the current browser.</doc>
<status status="PASS" start="2025-12-17T20:00:05.683480" elapsed="0.000379"/>
</kw>
<status status="PASS" start="2025-12-17T19:59:20.342936" elapsed="45.341870"/>
</test>
<test id="s1-t5" name="ใส่ชื่อโครงงานภาษาอังกฤษที่มีภาษาไทยผสมแล้วกดถัดไป" line="67">
<kw name="Login to SE project" owner="project_resource">
<kw name="Open Browser" owner="SeleniumLibrary">
<msg time="2025-12-17T20:00:05.694992" level="INFO">Opening browser 'chrome' to base url 'http://localhost:5173/'.</msg>
<arg>${URL}</arg>
<arg>chrome</arg>
<doc>Opens a new browser instance to the optional ``url``.</doc>
<status status="PASS" start="2025-12-17T20:00:05.694445" elapsed="18.517032"/>
</kw>
<kw name="Maximize Browser Window" owner="SeleniumLibrary">
<doc>Maximizes current browser window.</doc>
<status status="PASS" start="2025-12-17T20:00:24.211984" elapsed="0.810454"/>
</kw>
<kw name="Wait Until Element Is Visible" owner="SeleniumLibrary">
<arg>id=basic_sut_id</arg>
<arg>10s</arg>
<doc>Waits until the element ``locator`` is visible.</doc>
<status status="PASS" start="2025-12-17T20:00:25.022867" elapsed="0.348546"/>
</kw>
<kw name="Input Text" owner="SeleniumLibrary">
<msg time="2025-12-17T20:00:25.372898" level="INFO">Typing text 'B6712123' into text field 'id=basic_sut_id'.</msg>
<arg>id=basic_sut_id</arg>
<arg>${USERNAME}</arg>
<doc>Types the given ``text`` into the text field identified by ``locator``.</doc>
<status status="PASS" start="2025-12-17T20:00:25.372175" elapsed="2.992385"/>
</kw>
<kw name="Wait Until Element Is Visible" owner="SeleniumLibrary">
<arg>id=basic_password</arg>
<arg>10s</arg>
<doc>Waits until the element ``locator`` is visible.</doc>
<status status="PASS" start="2025-12-17T20:00:28.365025" elapsed="0.539694"/>
</kw>
<kw name="Input Text" owner="SeleniumLibrary">
<msg time="2025-12-17T20:00:28.905768" level="INFO">Typing text '123' into text field 'id=basic_password'.</msg>
<arg>id=basic_password</arg>
<arg>${PASSWORD}</arg>
<doc>Types the given ``text`` into the text field identified by ``locator``.</doc>
<status status="PASS" start="2025-12-17T20:00:28.905158" elapsed="0.960898"/>
</kw>
<kw name="Click Element" owner="SeleniumLibrary">
<msg time="2025-12-17T20:00:29.868450" level="INFO">Clicking element 'css=button[type="submit"]'.</msg>
<arg>css=button[type="submit"]</arg>
<doc>Click the element identified by ``locator``.</doc>
<status status="PASS" start="2025-12-17T20:00:29.866518" elapsed="13.318295"/>
</kw>
<kw name="Sleep" owner="BuiltIn">
<msg time="2025-12-17T20:00:53.197326" level="INFO">Slept 10 seconds.</msg>
<arg>10s</arg>
<doc>Pauses the test executed for the given time.</doc>
<status status="PASS" start="2025-12-17T20:00:43.185234" elapsed="10.012357"/>
</kw>
<arg>${USERNAME}</arg>
<arg>${PASSWORD}</arg>
<status status="PASS" start="2025-12-17T20:00:05.693403" elapsed="47.504455"/>
</kw>
<kw name="Project Proposal Page" owner="project_resource">
<kw name="Wait Until Element Is Visible" owner="SeleniumLibrary">
<arg>xpath=//span[contains(text(), "ยื่นเสนอโครงงาน")]</arg>
<arg>10s</arg>
<doc>Waits until the element ``locator`` is visible.</doc>
<status status="PASS" start="2025-12-17T20:00:53.231740" elapsed="0.757657"/>
</kw>
<kw name="Click Element" owner="SeleniumLibrary">
<msg time="2025-12-17T20:00:53.990327" level="INFO">Clicking element 'xpath=//span[contains(text(), "ยื่นเสนอโครงงาน")]'.</msg>
<arg>xpath=//span[contains(text(), "ยื่นเสนอโครงงาน")]</arg>
<doc>Click the element identified by ``locator``.</doc>
<status status="PASS" start="2025-12-17T20:00:53.989845" elapsed="1.590674"/>
</kw>
<kw name="Sleep" owner="BuiltIn">
<msg time="2025-12-17T20:01:00.587094" level="INFO">Slept 5 seconds.</msg>
<arg>5s</arg>
<doc>Pauses the test executed for the given time.</doc>
<status status="PASS" start="2025-12-17T20:00:55.580959" elapsed="5.006405"/>
</kw>
<status status="PASS" start="2025-12-17T20:00:53.231010" elapsed="7.356617"/>
</kw>
<kw name="Create New Proposal" owner="project_resource">
<kw name="Wait Until Element Is Visible" owner="SeleniumLibrary">
<arg>xpath=//button[contains(., "สร้างคำขอเสนอโครงงานใหม่")]</arg>
<arg>10s</arg>
<doc>Waits until the element ``locator`` is visible.</doc>
<status status="PASS" start="2025-12-17T20:01:00.594083" elapsed="0.110897"/>
</kw>
<kw name="Click Element" owner="SeleniumLibrary">
<msg time="2025-12-17T20:01:00.705912" level="INFO">Clicking element 'xpath=//button[contains(., "สร้างคำขอเสนอโครงงานใหม่")]'.</msg>
<arg>xpath=//button[contains(., "สร้างคำขอเสนอโครงงานใหม่")]</arg>
<doc>Click the element identified by ``locator``.</doc>
<status status="PASS" start="2025-12-17T20:01:00.705427" elapsed="0.351070"/>
</kw>
<kw name="Sleep" owner="BuiltIn">
<msg time="2025-12-17T20:01:06.068805" level="INFO">Slept 5 seconds.</msg>
<arg>5s</arg>
<doc>Pauses the test executed for the given time.</doc>
<status status="PASS" start="2025-12-17T20:01:01.056911" elapsed="5.012531"/>
</kw>
<status status="PASS" start="2025-12-17T20:01:00.593305" elapsed="5.476747"/>
</kw>
<kw name="กรอกข้อมูลทั่วไปเกี่ยวกับโครงงาน" owner="project_resource">
<kw name="Scroll Element Into View" owner="SeleniumLibrary">
<arg>xpath=//textarea[@placeholder='ระบุบทคัดย่อ...']</arg>
<doc>Scrolls the element identified by ``locator`` into view.</doc>
<status status="PASS" start="2025-12-17T20:01:06.072228" elapsed="0.377607"/>
</kw>
<kw name="Wait Until Element Is Visible" owner="SeleniumLibrary">
<arg>xpath=//input[@placeholder='ระบุชื่อภาษาไทย...']</arg>
<arg>10s</arg>
<doc>Waits until the element ``locator`` is visible.</doc>
<status status="PASS" start="2025-12-17T20:01:06.450314" elapsed="0.051720"/>
</kw>
<kw name="Input Text" owner="SeleniumLibrary">
<msg time="2025-12-17T20:01:06.504074" level="INFO">Typing text 'โครงงานทดสอบอัตโนมัติ' into text field 'xpath=//input[@placeholder='ระบุชื่อภาษาไทย...']'.</msg>
<arg>xpath=//input[@placeholder='ระบุชื่อภาษาไทย...']</arg>
<arg>${TH_TITLE}</arg>
<doc>Types the given ``text`` into the text field identified by ``locator``.</doc>
<status status="PASS" start="2025-12-17T20:01:06.502807" elapsed="0.788156"/>
</kw>
<kw name="Input Text" owner="SeleniumLibrary">
<msg time="2025-12-17T20:01:07.292095" level="INFO">Typing text 'โครงงาน Automated Testing' into text field 'xpath=//input[@placeholder='Specify English title...']'.</msg>
<arg>xpath=//input[@placeholder='Specify English title...']</arg>
<arg>${EN_TITLE}</arg>
<doc>Types the given ``text`` into the text field identified by ``locator``.</doc>
<status status="PASS" start="2025-12-17T20:01:07.291420" elapsed="0.716008"/>
</kw>
<kw name="Input Text" owner="SeleniumLibrary">
<msg time="2025-12-17T20:01:08.009596" level="INFO">Typing text 'Automated Testing Project Abstract' into text field 'xpath=//textarea[@placeholder='ระบุบทคัดย่อ...']'.</msg>
<arg>xpath=//textarea[@placeholder='ระบุบทคัดย่อ...']</arg>
<arg>${ABSTRACT}</arg>
<doc>Types the given ``text`` into the text field identified by ``locator``.</doc>
<status status="PASS" start="2025-12-17T20:01:08.008892" elapsed="0.874273"/>
</kw>
<arg>โครงงานทดสอบอัตโนมัติ</arg>
<arg>โครงงาน Automated Testing</arg>
<arg>Automated Testing Project Abstract</arg>
<status status="PASS" start="2025-12-17T20:01:06.071247" elapsed="2.812223"/>
</kw>
<kw name="กดปุ่มถัดไป" owner="project_resource">
<kw name="Wait Until Element Is Visible" owner="SeleniumLibrary">
<arg>xpath=//button[contains(., "ถัดไป")]</arg>
<arg>10s</arg>
<doc>Waits until the element ``locator`` is visible.</doc>
<status status="PASS" start="2025-12-17T20:01:08.886409" elapsed="0.067291"/>
</kw>
<kw name="Click Element" owner="SeleniumLibrary">
<msg time="2025-12-17T20:01:08.954638" level="INFO">Clicking element 'xpath=//button[contains(., "ถัดไป")]'.</msg>
<arg>xpath=//button[contains(., "ถัดไป")]</arg>
<doc>Click the element identified by ``locator``.</doc>
<status status="PASS" start="2025-12-17T20:01:08.954150" elapsed="0.299295"/>
</kw>
<status status="PASS" start="2025-12-17T20:01:08.885685" elapsed="0.368053"/>
</kw>
<kw name="Sleep" owner="BuiltIn">
<msg time="2025-12-17T20:01:14.256489" level="INFO">Slept 5 seconds.</msg>
<arg>5s</arg>
<doc>Pauses the test executed for the given time.</doc>
<status status="PASS" start="2025-12-17T20:01:09.255405" elapsed="5.001361"/>
</kw>
<kw name="Handle Alert" owner="SeleniumLibrary">
<msg time="2025-12-17T20:01:14.259457" level="INFO">HANDLE::&lt;class 'NoneType'&gt;::None</msg>
<msg time="2025-12-17T20:01:14.326180" level="INFO">${alert_message} = กรุณากรอกข้อมูลให้ครบถ้วน:  - Project Title (English) ต้องเป็นภาษาอังกฤษเท่านั้น (ห้ามมีภาษาไทย)</msg>
<var>${alert_message}</var>
<arg>action=ACCEPT</arg>
<doc>Handles the current alert and returns its message.</doc>
<status status="PASS" start="2025-12-17T20:01:14.259011" elapsed="0.067544"/>
</kw>
<kw name="Should Contain" owner="BuiltIn">
<arg>${alert_message}</arg>
<arg>Project Title (English) ต้องเป็นภาษาอังกฤษเท่านั้น (ห้ามมีภาษาไทย)</arg>
<doc>Fails if ``container`` does not contain ``item`` one or more times.</doc>
<status status="PASS" start="2025-12-17T20:01:14.347082" elapsed="0.000535"/>
</kw>
<kw name="Sleep" owner="BuiltIn">
<msg time="2025-12-17T20:01:16.352961" level="INFO">Slept 2 seconds.</msg>
<arg>2s</arg>
<doc>Pauses the test executed for the given time.</doc>
<status status="PASS" start="2025-12-17T20:01:14.349467" elapsed="2.003755"/>
</kw>
<kw name="Close Browser" owner="SeleniumLibrary">
<doc>Closes the current browser.</doc>
<status status="PASS" start="2025-12-17T20:01:16.354902" elapsed="2.463321"/>
</kw>
<kw name="Close Browser" owner="SeleniumLibrary" type="TEARDOWN">
<doc>Closes the current browser.</doc>
<status status="PASS" start="2025-12-17T20:01:18.819157" elapsed="0.000374"/>
</kw>
<status status="PASS" start="2025-12-17T20:00:05.688174" elapsed="73.131787"/>
</test>
<test id="s1-t6" name="ไม่ใส่ที่มาแล้วกดถัดไป" line="81">
<kw name="Login to SE project" owner="project_resource">
<kw name="Open Browser" owner="SeleniumLibrary">
<msg time="2025-12-17T20:01:18.827210" level="INFO">Opening browser 'chrome' to base url 'http://localhost:5173/'.</msg>
<arg>${URL}</arg>
<arg>chrome</arg>
<doc>Opens a new browser instance to the optional ``url``.</doc>
<status status="PASS" start="2025-12-17T20:01:18.826681" elapsed="11.536714"/>
</kw>
<kw name="Maximize Browser Window" owner="SeleniumLibrary">
<doc>Maximizes current browser window.</doc>
<status status="PASS" start="2025-12-17T20:01:30.364032" elapsed="1.795634"/>
</kw>
<kw name="Wait Until Element Is Visible" owner="SeleniumLibrary">
<arg>id=basic_sut_id</arg>
<arg>10s</arg>
<doc>Waits until the element ``locator`` is visible.</doc>
<status status="PASS" start="2025-12-17T20:01:32.160173" elapsed="0.355514"/>
</kw>
<kw name="Input Text" owner="SeleniumLibrary">
<msg time="2025-12-17T20:01:32.516780" level="INFO">Typing text 'B6712123' into text field 'id=basic_sut_id'.</msg>
<arg>id=basic_sut_id</arg>
<arg>${USERNAME}</arg>
<doc>Types the given ``text`` into the text field identified by ``locator``.</doc>
<status status="PASS" start="2025-12-17T20:01:32.516135" elapsed="3.437021"/>
</kw>
<kw name="Wait Until Element Is Visible" owner="SeleniumLibrary">
<arg>id=basic_password</arg>
<arg>10s</arg>
<doc>Waits until the element ``locator`` is visible.</doc>
<status status="PASS" start="2025-12-17T20:01:35.953622" elapsed="0.116377"/>
</kw>
<kw name="Input Text" owner="SeleniumLibrary">
<msg time="2025-12-17T20:01:36.071303" level="INFO">Typing text '123' into text field 'id=basic_password'.</msg>
<arg>id=basic_password</arg>
<arg>${PASSWORD}</arg>
<doc>Types the given ``text`` into the text field identified by ``locator``.</doc>
<status status="PASS" start="2025-12-17T20:01:36.070470" elapsed="7.539621"/>
</kw>
<kw name="Click Element" owner="SeleniumLibrary">
<msg time="2025-12-17T20:01:43.611043" level="INFO">Clicking element 'css=button[type="submit"]'.</msg>
<arg>css=button[type="submit"]</arg>
<doc>Click the element identified by ``locator``.</doc>
<status status="PASS" start="2025-12-17T20:01:43.610550" elapsed="0.348550"/>
</kw>
<kw name="Sleep" owner="BuiltIn">
<msg time="2025-12-17T20:01:53.961181" level="INFO">Slept 10 seconds.</msg>
<arg>10s</arg>
<doc>Pauses the test executed for the given time.</doc>
<status status="PASS" start="2025-12-17T20:01:43.959519" elapsed="10.002198"/>
</kw>
<arg>${USERNAME}</arg>
<arg>${PASSWORD}</arg>
<status status="PASS" start="2025-12-17T20:01:18.825657" elapsed="35.136690"/>
</kw>
<kw name="Project Proposal Page" owner="project_resource">
<kw name="Wait Until Element Is Visible" owner="SeleniumLibrary">
<arg>xpath=//span[contains(text(), "ยื่นเสนอโครงงาน")]</arg>
<arg>10s</arg>
<doc>Waits until the element ``locator`` is visible.</doc>
<status status="PASS" start="2025-12-17T20:01:53.966734" elapsed="0.073065"/>
</kw>
<kw name="Click Element" owner="SeleniumLibrary">
<msg time="2025-12-17T20:01:54.040721" level="INFO">Clicking element 'xpath=//span[contains(text(), "ยื่นเสนอโครงงาน")]'.</msg>
<arg>xpath=//span[contains(text(), "ยื่นเสนอโครงงาน")]</arg>
<doc>Click the element identified by ``locator``.</doc>
<status status="PASS" start="2025-12-17T20:01:54.040242" elapsed="0.352298"/>
</kw>
<kw name="Sleep" owner="BuiltIn">
<msg time="2025-12-17T20:01:59.394368" level="INFO">Slept 5 seconds.</msg>
<arg>5s</arg>
<doc>Pauses the test executed for the given time.</doc>
<status status="PASS" start="2025-12-17T20:01:54.392954" elapsed="5.001703"/>
</kw>
<status status="PASS" start="2025-12-17T20:01:53.964964" elapsed="5.429968"/>
</kw>
<kw name="Create New Proposal" owner="project_resource">
<kw name="Wait Until Element Is Visible" owner="SeleniumLibrary">
<arg>xpath=//button[contains(., "สร้างคำขอเสนอโครงงานใหม่")]</arg>
<arg>10s</arg>
<doc>Waits until the element ``locator`` is visible.</doc>
<status status="PASS" start="2025-12-17T20:01:59.399180" elapsed="0.070721"/>
</kw>
<kw name="Click Element" owner="SeleniumLibrary">
<msg time="2025-12-17T20:01:59.471113" level="INFO">Clicking element 'xpath=//button[contains(., "สร้างคำขอเสนอโครงงานใหม่")]'.</msg>
<arg>xpath=//button[contains(., "สร้างคำขอเสนอโครงงานใหม่")]</arg>
<doc>Click the element identified by ``locator``.</doc>
<status status="PASS" start="2025-12-17T20:01:59.470504" elapsed="0.256172"/>
</kw>
<kw name="Sleep" owner="BuiltIn">
<msg time="2025-12-17T20:02:04.731853" level="INFO">Slept 5 seconds.</msg>
<arg>5s</arg>
<doc>Pauses the test executed for the given time.</doc>
<status status="PASS" start="2025-12-17T20:01:59.727094" elapsed="5.005288"/>
</kw>
<status status="PASS" start="2025-12-17T20:01:59.398003" elapsed="5.335006"/>
</kw>
<kw name="กรอกข้อมูลทั่วไปเกี่ยวกับโครงงาน" owner="project_resource">
<kw name="Scroll Element Into View" owner="SeleniumLibrary">
<arg>xpath=//textarea[@placeholder='ระบุบทคัดย่อ...']</arg>
<doc>Scrolls the element identified by ``locator`` into view.</doc>
<status status="PASS" start="2025-12-17T20:02:04.738057" elapsed="0.352581"/>
</kw>
<kw name="Wait Until Element Is Visible" owner="SeleniumLibrary">
<arg>xpath=//input[@placeholder='ระบุชื่อภาษาไทย...']</arg>
<arg>10s</arg>
<doc>Waits until the element ``locator`` is visible.</doc>
<status status="PASS" start="2025-12-17T20:02:05.091081" elapsed="0.052995"/>
</kw>
<kw name="Input Text" owner="SeleniumLibrary">
<msg time="2025-12-17T20:02:05.146859" level="INFO">Typing text 'โครงงานทดสอบอัตโนมัติ' into text field 'xpath=//input[@placeholder='ระบุชื่อภาษาไทย...']'.</msg>
<arg>xpath=//input[@placeholder='ระบุชื่อภาษาไทย...']</arg>
<arg>${TH_TITLE}</arg>
<doc>Types the given ``text`` into the text field identified by ``locator``.</doc>
<status status="PASS" start="2025-12-17T20:02:05.144737" elapsed="0.782341"/>
</kw>
<kw name="Input Text" owner="SeleniumLibrary">
<msg time="2025-12-17T20:02:05.928138" level="INFO">Typing text 'Automated Testing Project' into text field 'xpath=//input[@placeholder='Specify English title...']'.</msg>
<arg>xpath=//input[@placeholder='Specify English title...']</arg>
<arg>${EN_TITLE}</arg>
<doc>Types the given ``text`` into the text field identified by ``locator``.</doc>
<status status="PASS" start="2025-12-17T20:02:05.927528" elapsed="0.841919"/>
</kw>
<kw name="Input Text" owner="SeleniumLibrary">
<msg time="2025-12-17T20:02:06.770495" level="INFO">Typing text 'Automated Testing Project Abstract' into text field 'xpath=//textarea[@placeholder='ระบุบทคัดย่อ...']'.</msg>
<arg>xpath=//textarea[@placeholder='ระบุบทคัดย่อ...']</arg>
<arg>${ABSTRACT}</arg>
<doc>Types the given ``text`` into the text field identified by ``locator``.</doc>
<status status="PASS" start="2025-12-17T20:02:06.769890" elapsed="1.004700"/>
</kw>
<arg>โครงงานทดสอบอัตโนมัติ</arg>
<arg>Automated Testing Project</arg>
<arg>Automated Testing Project Abstract</arg>
<status status="PASS" start="2025-12-17T20:02:04.735759" elapsed="3.039142"/>
</kw>
<kw name="กดปุ่มถัดไป" owner="project_resource">
<kw name="Wait Until Element Is Visible" owner="SeleniumLibrary">
<arg>xpath=//button[contains(., "ถัดไป")]</arg>
<arg>10s</arg>
<doc>Waits until the element ``locator`` is visible.</doc>
<status status="PASS" start="2025-12-17T20:02:07.778597" elapsed="0.060890"/>
</kw>
<kw name="Click Element" owner="SeleniumLibrary">
<msg time="2025-12-17T20:02:07.840472" level="INFO">Clicking element 'xpath=//button[contains(., "ถัดไป")]'.</msg>
<arg>xpath=//button[contains(., "ถัดไป")]</arg>
<doc>Click the element identified by ``locator``.</doc>
<status status="PASS" start="2025-12-17T20:02:07.839939" elapsed="0.253674"/>
</kw>
<status status="PASS" start="2025-12-17T20:02:07.777849" elapsed="0.316445"/>
</kw>
<kw name="กรอกรายละเอียดโครงงาน" owner="project_resource">
<kw name="Wait Until Element Is Visible" owner="SeleniumLibrary">
<arg>xpath=//label[contains(., "ที่มาและความสำคัญ")]/following-sibling::textarea[1]</arg>
<arg>10s</arg>
<doc>Waits until the element ``locator`` is visible.</doc>
<status status="PASS" start="2025-12-17T20:02:08.125596" elapsed="0.113207"/>
</kw>
<kw name="Input Text" owner="SeleniumLibrary">
<msg time="2025-12-17T20:02:08.239922" level="INFO">Typing text '' into text field 'xpath=//label[contains(., "ที่มาและความสำคัญ")]/following-sibling::textarea[1]'.</msg>
<arg>xpath=//label[contains(., "ที่มาและความสำคัญ")]/following-sibling::textarea[1]</arg>
<arg>${BACKGROUND_INFO}</arg>
<doc>Types the given ``text`` into the text field identified by ``locator``.</doc>
<status status="PASS" start="2025-12-17T20:02:08.239288" elapsed="0.646076"/>
</kw>
<kw name="Wait Until Element Is Visible" owner="SeleniumLibrary">
<arg>xpath=//label[contains(., "วัตถุประสงค์")]/following-sibling::textarea[1]</arg>
<arg>10s</arg>
<doc>Waits until the element ``locator`` is visible.</doc>
<status status="PASS" start="2025-12-17T20:02:08.885816" elapsed="0.155757"/>
</kw>
<kw name="Input Text" owner="SeleniumLibrary">
<msg time="2025-12-17T20:02:09.042795" level="INFO">Typing text 'วัตถุประสงค์ของโครงงานทดสอบอัตโนมัติ' into text field 'xpath=//label[contains(., "วัตถุประสงค์")]/following-sibling::textarea[1]'.</msg>
<arg>xpath=//label[contains(., "วัตถุประสงค์")]/following-sibling::textarea[1]</arg>
<arg>${OBJECTIVES}</arg>
<doc>Types the given ``text`` into the text field identified by ``locator``.</doc>
<status status="PASS" start="2025-12-17T20:02:09.042019" elapsed="0.828417"/>
</kw>
<kw name="Wait Until Element Is Visible" owner="SeleniumLibrary">
<arg>xpath=//label[contains(., "ขอบเขตของโครงงาน")]/following-sibling::textarea[1]</arg>
<arg>10s</arg>
<doc>Waits until the element ``locator`` is visible.</doc>
<status status="PASS" start="2025-12-17T20:02:09.870893" elapsed="0.050435"/>
</kw>
<kw name="Input Text" owner="SeleniumLibrary">
<msg time="2025-12-17T20:02:09.922501" level="INFO">Typing text 'ขอบเขตของโครงงานทดสอบอัตโนมัติ' into text field 'xpath=//label[contains(., "ขอบเขตของโครงงาน")]/following-sibling::textarea[1]'.</msg>
<arg>xpath=//label[contains(., "ขอบเขตของโครงงาน")]/following-sibling::textarea[1]</arg>
<arg>${SCOPE}</arg>
<doc>Types the given ``text`` into the text field identified by ``locator``.</doc>
<status status="PASS" start="2025-12-17T20:02:09.921874" elapsed="0.646027"/>
</kw>
<kw name="Wait Until Element Is Visible" owner="SeleniumLibrary">
<arg>xpath=//label[contains(., "ประโยชน์ที่คาดว่าจะได้รับ")]/following-sibling::textarea[1]</arg>
<arg>10s</arg>
<doc>Waits until the element ``locator`` is visible.</doc>
<status status="PASS" start="2025-12-17T20:02:10.568362" elapsed="0.091025"/>
</kw>
<kw name="Input Text" owner="SeleniumLibrary">
<msg time="2025-12-17T20:02:10.660444" level="INFO">Typing text 'ผลลัพธ์ที่คาดหวังจากโครงงานทดสอบอัตโนมัติ' into text field 'xpath=//label[contains(., "ประโยชน์ที่คาดว่าจะได้รับ")]/following-sibling::textarea[1]'.</msg>
<arg>xpath=//label[contains(., "ประโยชน์ที่คาดว่าจะได้รับ")]/following-sibling::textarea[1]</arg>
<arg>${EXPECTED_RESULTS}</arg>
<doc>Types the given ``text`` into the text field identified by ``locator``.</doc>
<status status="PASS" start="2025-12-17T20:02:10.659827" elapsed="0.823846"/>
</kw>
<arg>${EMPTY}</arg>
<arg>วัตถุประสงค์ของโครงงานทดสอบอัตโนมัติ</arg>
<arg>ขอบเขตของโครงงานทดสอบอัตโนมัติ</arg>
<arg>ผลลัพธ์ที่คาดหวังจากโครงงานทดสอบอัตโนมัติ</arg>
<status status="PASS" start="2025-12-17T20:02:08.113649" elapsed="3.370668"/>
</kw>
<kw name="กดปุ่มถัดไป" owner="project_resource">
<kw name="Wait Until Element Is Visible" owner="SeleniumLibrary">
<arg>xpath=//button[contains(., "ถัดไป")]</arg>
<arg>10s</arg>
<doc>Waits until the element ``locator`` is visible.</doc>
<status status="PASS" start="2025-12-17T20:02:11.486351" elapsed="0.048938"/>
</kw>
<kw name="Click Element" owner="SeleniumLibrary">
<msg time="2025-12-17T20:02:11.536220" level="INFO">Clicking element 'xpath=//button[contains(., "ถัดไป")]'.</msg>
<arg>xpath=//button[contains(., "ถัดไป")]</arg>
<doc>Click the element identified by ``locator``.</doc>
<status status="PASS" start="2025-12-17T20:02:11.535731" elapsed="0.249568"/>
</kw>
<status status="PASS" start="2025-12-17T20:02:11.485635" elapsed="0.299958"/>
</kw>
<kw name="Sleep" owner="BuiltIn">
<msg time="2025-12-17T20:02:16.797946" level="INFO">Slept 5 seconds.</msg>
<arg>5s</arg>
<doc>Pauses the test executed for the given time.</doc>
<status status="PASS" start="2025-12-17T20:02:11.787611" elapsed="5.010603"/>
</kw>
<kw name="Handle Alert" owner="SeleniumLibrary">
<msg time="2025-12-17T20:02:16.810172" level="INFO">HANDLE::&lt;class 'NoneType'&gt;::None</msg>
<msg time="2025-12-17T20:02:16.926024" level="INFO">${alert_message} = กรุณากรอกข้อมูลให้ครบถ้วน:  - กรุณาระบุ 'ที่มาและความสำคัญ'</msg>
<var>${alert_message}</var>
<arg>action=ACCEPT</arg>
<doc>Handles the current alert and returns its message.</doc>
<status status="PASS" start="2025-12-17T20:02:16.807854" elapsed="0.118300"/>
</kw>
<kw name="Should Contain" owner="BuiltIn">
<arg>${alert_message}</arg>
<arg>กรุณาระบุ 'ที่มาและความสำคัญ'</arg>
<doc>Fails if ``container`` does not contain ``item`` one or more times.</doc>
<status status="PASS" start="2025-12-17T20:02:16.931861" elapsed="0.000589"/>
</kw>
<kw name="Sleep" owner="BuiltIn">
<msg time="2025-12-17T20:02:18.935984" level="INFO">Slept 2 seconds.</msg>
<arg>2s</arg>
<doc>Pauses the test executed for the given time.</doc>
<status status="PASS" start="2025-12-17T20:02:16.933206" elapsed="2.003412"/>
</kw>
<kw name="Close Browser" owner="SeleniumLibrary">
<doc>Closes the current browser.</doc>
<status status="PASS" start="2025-12-17T20:02:18.938985" elapsed="2.604267"/>
</kw>
<kw name="Close Browser" owner="SeleniumLibrary" type="TEARDOWN">
<doc>Closes the current browser.</doc>
<status status="PASS" start="2025-12-17T20:02:21.544534" elapsed="0.000402"/>
</kw>
<status status="PASS" start="2025-12-17T20:01:18.822647" elapsed="62.723443"/>
</test>
<test id="s1-t7" name="ไม่ใส่วัตถุประสงค์แล้วกดถัดไป" line="95">
<kw name="Login to SE project" owner="project_resource">
<kw name="Open Browser" owner="SeleniumLibrary">
<msg time="2025-12-17T20:02:21.560837" level="INFO">Opening browser 'chrome' to base url 'http://localhost:5173/'.</msg>
<arg>${URL}</arg>
<arg>chrome</arg>
<doc>Opens a new browser instance to the optional ``url``.</doc>
<status status="PASS" start="2025-12-17T20:02:21.560208" elapsed="8.108425"/>
</kw>
<kw name="Maximize Browser Window" owner="SeleniumLibrary">
<doc>Maximizes current browser window.</doc>
<status status="PASS" start="2025-12-17T20:02:29.669069" elapsed="0.141781"/>
</kw>
<kw name="Wait Until Element Is Visible" owner="SeleniumLibrary">
<arg>id=basic_sut_id</arg>
<arg>10s</arg>
<doc>Waits until the element ``locator`` is visible.</doc>
<status status="PASS" start="2025-12-17T20:02:29.812843" elapsed="0.060173"/>
</kw>
<kw name="Input Text" owner="SeleniumLibrary">
<msg time="2025-12-17T20:02:29.874067" level="INFO">Typing text 'B6712123' into text field 'id=basic_sut_id'.</msg>
<arg>id=basic_sut_id</arg>
<arg>${USERNAME}</arg>
<doc>Types the given ``text`` into the text field identified by ``locator``.</doc>
<status status="PASS" start="2025-12-17T20:02:29.873460" elapsed="0.758400"/>
</kw>
<kw name="Wait Until Element Is Visible" owner="SeleniumLibrary">
<arg>id=basic_password</arg>
<arg>10s</arg>
<doc>Waits until the element ``locator`` is visible.</doc>
<status status="PASS" start="2025-12-17T20:02:30.633109" elapsed="0.059370"/>
</kw>
<kw name="Input Text" owner="SeleniumLibrary">
<msg time="2025-12-17T20:02:30.693607" level="INFO">Typing text '123' into text field 'id=basic_password'.</msg>
<arg>id=basic_password</arg>
<arg>${PASSWORD}</arg>
<doc>Types the given ``text`` into the text field identified by ``locator``.</doc>
<status status="PASS" start="2025-12-17T20:02:30.692917" elapsed="0.444168"/>
</kw>
<kw name="Click Element" owner="SeleniumLibrary">
<msg time="2025-12-17T20:02:31.138031" level="INFO">Clicking element 'css=button[type="submit"]'.</msg>
<arg>css=button[type="submit"]</arg>
<doc>Click the element identified by ``locator``.</doc>
<status status="PASS" start="2025-12-17T20:02:31.137538" elapsed="0.448666"/>
</kw>
<kw name="Sleep" owner="BuiltIn">
<msg time="2025-12-17T20:02:41.594919" level="INFO">Slept 10 seconds.</msg>
<arg>10s</arg>
<doc>Pauses the test executed for the given time.</doc>
<status status="PASS" start="2025-12-17T20:02:31.586664" elapsed="10.008650"/>
</kw>
<arg>${USERNAME}</arg>
<arg>${PASSWORD}</arg>
<status status="PASS" start="2025-12-17T20:02:21.559114" elapsed="20.036461"/>
</kw>
<kw name="Project Proposal Page" owner="project_resource">
<kw name="Wait Until Element Is Visible" owner="SeleniumLibrary">
<arg>xpath=//span[contains(text(), "ยื่นเสนอโครงงาน")]</arg>
<arg>10s</arg>
<doc>Waits until the element ``locator`` is visible.</doc>
<status status="PASS" start="2025-12-17T20:02:41.597793" elapsed="0.062449"/>
</kw>
<kw name="Click Element" owner="SeleniumLibrary">
<msg time="2025-12-17T20:02:41.661896" level="INFO">Clicking element 'xpath=//span[contains(text(), "ยื่นเสนอโครงงาน")]'.</msg>
<arg>xpath=//span[contains(text(), "ยื่นเสนอโครงงาน")]</arg>
<doc>Click the element identified by ``locator``.</doc>
<status status="PASS" start="2025-12-17T20:02:41.660684" elapsed="0.393592"/>
</kw>
<kw name="Sleep" owner="BuiltIn">
<msg time="2025-12-17T20:02:47.055486" level="INFO">Slept 5 seconds.</msg>
<arg>5s</arg>
<doc>Pauses the test executed for the given time.</doc>
<status status="PASS" start="2025-12-17T20:02:42.054696" elapsed="5.001322"/>
</kw>
<status status="PASS" start="2025-12-17T20:02:41.597030" elapsed="5.459607"/>
</kw>
<kw name="Create New Proposal" owner="project_resource">
<kw name="Wait Until Element Is Visible" owner="SeleniumLibrary">
<arg>xpath=//button[contains(., "สร้างคำขอเสนอโครงงานใหม่")]</arg>
<arg>10s</arg>
<doc>Waits until the element ``locator`` is visible.</doc>
<status status="PASS" start="2025-12-17T20:02:47.061258" elapsed="0.068552"/>
</kw>
<kw name="Click Element" owner="SeleniumLibrary">
<msg time="2025-12-17T20:02:47.130848" level="INFO">Clicking element 'xpath=//button[contains(., "สร้างคำขอเสนอโครงงานใหม่")]'.</msg>
<arg>xpath=//button[contains(., "สร้างคำขอเสนอโครงงานใหม่")]</arg>
<doc>Click the element identified by ``locator``.</doc>
<status status="PASS" start="2025-12-17T20:02:47.130309" elapsed="0.223818"/>
</kw>
<kw name="Sleep" owner="BuiltIn">
<msg time="2025-12-17T20:02:52.361243" level="INFO">Slept 5 seconds.</msg>
<arg>5s</arg>
<doc>Pauses the test executed for the given time.</doc>
<status status="PASS" start="2025-12-17T20:02:47.354544" elapsed="5.007132"/>
</kw>
<status status="PASS" start="2025-12-17T20:02:47.059491" elapsed="5.302454"/>
</kw>
<kw name="กรอกข้อมูลทั่วไปเกี่ยวกับโครงงาน" owner="project_resource">
<kw name="Scroll Element Into View" owner="SeleniumLibrary">
<arg>xpath=//textarea[@placeholder='ระบุบทคัดย่อ...']</arg>
<doc>Scrolls the element identified by ``locator`` into view.</doc>
<status status="PASS" start="2025-12-17T20:02:52.364109" elapsed="0.358320"/>
</kw>
<kw name="Wait Until Element Is Visible" owner="SeleniumLibrary">
<arg>xpath=//input[@placeholder='ระบุชื่อภาษาไทย...']</arg>
<arg>10s</arg>
<doc>Waits until the element ``locator`` is visible.</doc>
<status status="PASS" start="2025-12-17T20:02:52.723422" elapsed="0.077334"/>
</kw>
<kw name="Input Text" owner="SeleniumLibrary">
<msg time="2025-12-17T20:02:52.801818" level="INFO">Typing text 'โครงงานทดสอบอัตโนมัติ' into text field 'xpath=//input[@placeholder='ระบุชื่อภาษาไทย...']'.</msg>
<arg>xpath=//input[@placeholder='ระบุชื่อภาษาไทย...']</arg>
<arg>${TH_TITLE}</arg>
<doc>Types the given ``text`` into the text field identified by ``locator``.</doc>
<status status="PASS" start="2025-12-17T20:02:52.801202" elapsed="1.326930"/>
</kw>
<kw name="Input Text" owner="SeleniumLibrary">
<msg time="2025-12-17T20:02:54.129190" level="INFO">Typing text 'Automated Testing Project' into text field 'xpath=//input[@placeholder='Specify English title...']'.</msg>
<arg>xpath=//input[@placeholder='Specify English title...']</arg>
<arg>${EN_TITLE}</arg>
<doc>Types the given ``text`` into the text field identified by ``locator``.</doc>
<status status="PASS" start="2025-12-17T20:02:54.128579" elapsed="0.878523"/>
</kw>
<kw name="Input Text" owner="SeleniumLibrary">
<msg time="2025-12-17T20:02:55.008211" level="INFO">Typing text 'Automated Testing Project Abstract' into text field 'xpath=//textarea[@placeholder='ระบุบทคัดย่อ...']'.</msg>
<arg>xpath=//textarea[@placeholder='ระบุบทคัดย่อ...']</arg>
<arg>${ABSTRACT}</arg>
<doc>Types the given ``text`` into the text field identified by ``locator``.</doc>
<status status="PASS" start="2025-12-17T20:02:55.007564" elapsed="0.719763"/>
</kw>
<arg>โครงงานทดสอบอัตโนมัติ</arg>
<arg>Automated Testing Project</arg>
<arg>Automated Testing Project Abstract</arg>
<status status="PASS" start="2025-12-17T20:02:52.363069" elapsed="3.364668"/>
</kw>
<kw name="กดปุ่มถัดไป" owner="project_resource">
<kw name="Wait Until Element Is Visible" owner="SeleniumLibrary">
<arg>xpath=//button[contains(., "ถัดไป")]</arg>
<arg>10s</arg>
<doc>Waits until the element ``locator`` is visible.</doc>
<status status="PASS" start="2025-12-17T20:02:55.732784" elapsed="0.076755"/>
</kw>
<kw name="Click Element" owner="SeleniumLibrary">
<msg time="2025-12-17T20:02:55.811284" level="INFO">Clicking element 'xpath=//button[contains(., "ถัดไป")]'.</msg>
<arg>xpath=//button[contains(., "ถัดไป")]</arg>
<doc>Click the element identified by ``locator``.</doc>
<status status="PASS" start="2025-12-17T20:02:55.810705" elapsed="0.180115"/>
</kw>
<status status="PASS" start="2025-12-17T20:02:55.731792" elapsed="0.259484"/>
</kw>
<kw name="กรอกรายละเอียดโครงงาน" owner="project_resource">
<kw name="Wait Until Element Is Visible" owner="SeleniumLibrary">
<arg>xpath=//label[contains(., "ที่มาและความสำคัญ")]/following-sibling::textarea[1]</arg>
<arg>10s</arg>
<doc>Waits until the element ``locator`` is visible.</doc>
<status status="PASS" start="2025-12-17T20:02:56.002001" elapsed="0.067988"/>
</kw>
<kw name="Input Text" owner="SeleniumLibrary">
<msg time="2025-12-17T20:02:56.071046" level="INFO">Typing text 'ที่มาของโครงงานทดสอบอัตโนมัติ' into text field 'xpath=//label[contains(., "ที่มาและความสำคัญ")]/following-sibling::textarea[1]'.</msg>
<arg>xpath=//label[contains(., "ที่มาและความสำคัญ")]/following-sibling::textarea[1]</arg>
<arg>${BACKGROUND_INFO}</arg>
<doc>Types the given ``text`` into the text field identified by ``locator``.</doc>
<status status="PASS" start="2025-12-17T20:02:56.070432" elapsed="0.622809"/>
</kw>
<kw name="Wait Until Element Is Visible" owner="SeleniumLibrary">
<arg>xpath=//label[contains(., "วัตถุประสงค์")]/following-sibling::textarea[1]</arg>
<arg>10s</arg>
<doc>Waits until the element ``locator`` is visible.</doc>
<status status="PASS" start="2025-12-17T20:02:56.694012" elapsed="0.047921"/>
</kw>
<kw name="Input Text" owner="SeleniumLibrary">
<msg time="2025-12-17T20:02:56.743174" level="INFO">Typing text '' into text field 'xpath=//label[contains(., "วัตถุประสงค์")]/following-sibling::textarea[1]'.</msg>
<arg>xpath=//label[contains(., "วัตถุประสงค์")]/following-sibling::textarea[1]</arg>
<arg>${OBJECTIVES}</arg>
<doc>Types the given ``text`` into the text field identified by ``locator``.</doc>
<status status="PASS" start="2025-12-17T20:02:56.742533" elapsed="0.161888"/>
</kw>
<kw name="Wait Until Element Is Visible" owner="SeleniumLibrary">
<arg>xpath=//label[contains(., "ขอบเขตของโครงงาน")]/following-sibling::textarea[1]</arg>
<arg>10s</arg>
<doc>Waits until the element ``locator`` is visible.</doc>
<status status="PASS" start="2025-12-17T20:02:56.904871" elapsed="0.053421"/>
</kw>
<kw name="Input Text" owner="SeleniumLibrary">
<msg time="2025-12-17T20:02:56.959522" level="INFO">Typing text 'ขอบเขตของโครงงานทดสอบอัตโนมัติ' into text field 'xpath=//label[contains(., "ขอบเขตของโครงงาน")]/following-sibling::textarea[1]'.</msg>
<arg>xpath=//label[contains(., "ขอบเขตของโครงงาน")]/following-sibling::textarea[1]</arg>
<arg>${SCOPE}</arg>
<doc>Types the given ``text`` into the text field identified by ``locator``.</doc>
<status status="PASS" start="2025-12-17T20:02:56.958886" elapsed="0.568446"/>
</kw>
<kw name="Wait Until Element Is Visible" owner="SeleniumLibrary">
<arg>xpath=//label[contains(., "ประโยชน์ที่คาดว่าจะได้รับ")]/following-sibling::textarea[1]</arg>
<arg>10s</arg>
<doc>Waits until the element ``locator`` is visible.</doc>
<status status="PASS" start="2025-12-17T20:02:57.527827" elapsed="0.043844"/>
</kw>
<kw name="Input Text" owner="SeleniumLibrary">
<msg time="2025-12-17T20:02:57.572742" level="INFO">Typing text 'ผลลัพธ์ที่คาดหวังจากโครงงานทดสอบอัตโนมัติ' into text field 'xpath=//label[contains(., "ประโยชน์ที่คาดว่าจะได้รับ")]/following-sibling::textarea[1]'.</msg>
<arg>xpath=//label[contains(., "ประโยชน์ที่คาดว่าจะได้รับ")]/following-sibling::textarea[1]</arg>
<arg>${EXPECTED_RESULTS}</arg>
<doc>Types the given ``text`` into the text field identified by ``locator``.</doc>
<status status="PASS" start="2025-12-17T20:02:57.572121" elapsed="0.744977"/>
</kw>
<arg>ที่มาของโครงงานทดสอบอัตโนมัติ</arg>
<arg>${EMPTY}</arg>
<arg>ขอบเขตของโครงงานทดสอบอัตโนมัติ</arg>
<arg>ผลลัพธ์ที่คาดหวังจากโครงงานทดสอบอัตโนมัติ</arg>
<status status="PASS" start="2025-12-17T20:02:56.000143" elapsed="2.317279"/>
</kw>
<kw name="กดปุ่มถัดไป" owner="project_resource">
<kw name="Wait Until Element Is Visible" owner="SeleniumLibrary">
<arg>xpath=//button[contains(., "ถัดไป")]</arg>
<arg>10s</arg>
<doc>Waits until the element ``locator`` is visible.</doc>
<status status="PASS" start="2025-12-17T20:02:58.321578" elapsed="0.540826"/>
</kw>
<kw name="Click Element" owner="SeleniumLibrary">
<msg time="2025-12-17T20:02:58.863330" level="INFO">Clicking element 'xpath=//button[contains(., "ถัดไป")]'.</msg>
<arg>xpath=//button[contains(., "ถัดไป")]</arg>
<doc>Click the element identified by ``locator``.</doc>
<status status="PASS" start="2025-12-17T20:02:58.862847" elapsed="0.169601"/>
</kw>
<status status="PASS" start="2025-12-17T20:02:58.320812" elapsed="0.711928"/>
</kw>
<kw name="Sleep" owner="BuiltIn">
<msg time="2025-12-17T20:03:04.035606" level="INFO">Slept 5 seconds.</msg>
<arg>5s</arg>
<doc>Pauses the test executed for the given time.</doc>
<status status="PASS" start="2025-12-17T20:02:59.034418" elapsed="5.001462"/>
</kw>
<kw name="Handle Alert" owner="SeleniumLibrary">
<msg time="2025-12-17T20:03:04.037739" level="INFO">HANDLE::&lt;class 'NoneType'&gt;::None</msg>
<msg time="2025-12-17T20:03:04.086347" level="INFO">${alert_message} = กรุณากรอกข้อมูลให้ครบถ้วน:  - กรุณาระบุ 'วัตถุประสงค์'</msg>
<var>${alert_message}</var>
<arg>action=ACCEPT</arg>
<doc>Handles the current alert and returns its message.</doc>
<status status="PASS" start="2025-12-17T20:03:04.037212" elapsed="0.049258"/>
</kw>
<kw name="Should Contain" owner="BuiltIn">
<arg>${alert_message}</arg>
<arg>กรุณาระบุ 'วัตถุประสงค์'</arg>
<doc>Fails if ``container`` does not contain ``item`` one or more times.</doc>
<status status="PASS" start="2025-12-17T20:03:04.088657" elapsed="0.000535"/>
</kw>
<kw name="Sleep" owner="BuiltIn">
<msg time="2025-12-17T20:03:06.091810" level="INFO">Slept 2 seconds.</msg>
<arg>2s</arg>
<doc>Pauses the test executed for the given time.</doc>
<status status="PASS" start="2025-12-17T20:03:04.090412" elapsed="2.001935"/>
</kw>
<kw name="Close Browser" owner="SeleniumLibrary">
<doc>Closes the current browser.</doc>
<status status="PASS" start="2025-12-17T20:03:06.095022" elapsed="3.517488"/>
</kw>
<kw name="Close Browser" owner="SeleniumLibrary" type="TEARDOWN">
<doc>Closes the current browser.</doc>
<status status="PASS" start="2025-12-17T20:03:09.616056" elapsed="0.000381"/>
</kw>
<status status="PASS" start="2025-12-17T20:02:21.550102" elapsed="48.066775"/>
</test>
<test id="s1-t8" name="ไม่ใส่ขอบเขตแล้วกดถัดไป" line="109">
<kw name="Login to SE project" owner="project_resource">
<kw name="Open Browser" owner="SeleniumLibrary">
<msg time="2025-12-17T20:03:09.625415" level="INFO">Opening browser 'chrome' to base url 'http://localhost:5173/'.</msg>
<arg>${URL}</arg>
<arg>chrome</arg>
<doc>Opens a new browser instance to the optional ``url``.</doc>
<status status="PASS" start="2025-12-17T20:03:09.624888" elapsed="15.195904"/>
</kw>
<kw name="Maximize Browser Window" owner="SeleniumLibrary">
<doc>Maximizes current browser window.</doc>
<status status="PASS" start="2025-12-17T20:03:24.821254" elapsed="1.398370"/>
</kw>
<kw name="Wait Until Element Is Visible" owner="SeleniumLibrary">
<arg>id=basic_sut_id</arg>
<arg>10s</arg>
<doc>Waits until the element ``locator`` is visible.</doc>
<status status="PASS" start="2025-12-17T20:03:26.220058" elapsed="0.454306"/>
</kw>
<kw name="Input Text" owner="SeleniumLibrary">
<msg time="2025-12-17T20:03:26.676078" level="INFO">Typing text 'B6712123' into text field 'id=basic_sut_id'.</msg>
<arg>id=basic_sut_id</arg>
<arg>${USERNAME}</arg>
<doc>Types the given ``text`` into the text field identified by ``locator``.</doc>
<status status="PASS" start="2025-12-17T20:03:26.674809" elapsed="1.577768"/>
</kw>
<kw name="Wait Until Element Is Visible" owner="SeleniumLibrary">
<arg>id=basic_password</arg>
<arg>10s</arg>
<doc>Waits until the element ``locator`` is visible.</doc>
<status status="PASS" start="2025-12-17T20:03:28.253021" elapsed="0.100356"/>
</kw>
<kw name="Input Text" owner="SeleniumLibrary">
<msg time="2025-12-17T20:03:28.354428" level="INFO">Typing text '123' into text field 'id=basic_password'.</msg>
<arg>id=basic_password</arg>
<arg>${PASSWORD}</arg>
<doc>Types the given ``text`` into the text field identified by ``locator``.</doc>
<status status="PASS" start="2025-12-17T20:03:28.353821" elapsed="1.342650"/>
</kw>
<kw name="Click Element" owner="SeleniumLibrary">
<msg time="2025-12-17T20:03:29.697395" level="INFO">Clicking element 'css=button[type="submit"]'.</msg>
<arg>css=button[type="submit"]</arg>
<doc>Click the element identified by ``locator``.</doc>
<status status="PASS" start="2025-12-17T20:03:29.696913" elapsed="0.544489"/>
</kw>
<kw name="Sleep" owner="BuiltIn">
<msg time="2025-12-17T20:03:40.246708" level="INFO">Slept 10 seconds.</msg>
<arg>10s</arg>
<doc>Pauses the test executed for the given time.</doc>
<status status="PASS" start="2025-12-17T20:03:30.242384" elapsed="10.005080"/>
</kw>
<arg>${USERNAME}</arg>
<arg>${PASSWORD}</arg>
<status status="PASS" start="2025-12-17T20:03:09.623872" elapsed="30.625301"/>
</kw>
<kw name="Project Proposal Page" owner="project_resource">
<kw name="Wait Until Element Is Visible" owner="SeleniumLibrary">
<arg>xpath=//span[contains(text(), "ยื่นเสนอโครงงาน")]</arg>
<arg>10s</arg>
<doc>Waits until the element ``locator`` is visible.</doc>
<status status="PASS" start="2025-12-17T20:03:40.257698" elapsed="0.896503"/>
</kw>
<kw name="Click Element" owner="SeleniumLibrary">
<msg time="2025-12-17T20:03:41.155923" level="INFO">Clicking element 'xpath=//span[contains(text(), "ยื่นเสนอโครงงาน")]'.</msg>
<arg>xpath=//span[contains(text(), "ยื่นเสนอโครงงาน")]</arg>
<doc>Click the element identified by ``locator``.</doc>
<status status="PASS" start="2025-12-17T20:03:41.154916" elapsed="0.465112"/>
</kw>
<kw name="Sleep" owner="BuiltIn">
<msg time="2025-12-17T20:03:46.621380" level="INFO">Slept 5 seconds.</msg>
<arg>5s</arg>
<doc>Pauses the test executed for the given time.</doc>
<status status="PASS" start="2025-12-17T20:03:41.620462" elapsed="5.001180"/>
</kw>
<status status="PASS" start="2025-12-17T20:03:40.254485" elapsed="6.367415"/>
</kw>
<kw name="Create New Proposal" owner="project_resource">
<kw name="Wait Until Element Is Visible" owner="SeleniumLibrary">
<arg>xpath=//button[contains(., "สร้างคำขอเสนอโครงงานใหม่")]</arg>
<arg>10s</arg>
<doc>Waits until the element ``locator`` is visible.</doc>
<status status="PASS" start="2025-12-17T20:03:46.624018" elapsed="0.072195"/>
</kw>
[...]
<arg>id=basic_sut_id</arg>
<arg>${USERNAME}</arg>
<doc>Types the given ``text`` into the text field identified by ``locator``.</doc>
<status status="PASS" start="2025-12-17T20:12:29.193978" elapsed="5.809766"/>
</kw>
<kw name="Wait Until Element Is Visible" owner="SeleniumLibrary">
<arg>id=basic_password</arg>
<arg>10s</arg>
<doc>Waits until the element ``locator`` is visible.</doc>
<status status="PASS" start="2025-12-17T20:12:35.004199" elapsed="0.498080"/>
</kw>
<kw name="Input Text" owner="SeleniumLibrary">
<msg time="2025-12-17T20:12:35.503334" level="INFO">Typing text '123' into text field 'id=basic_password'.</msg>
<arg>id=basic_password</arg>
<arg>${PASSWORD}</arg>
<doc>Types the given ``text`` into the text field identified by ``locator``.</doc>
<status status="PASS" start="2025-12-17T20:12:35.502723" elapsed="6.789577"/>
</kw>
<kw name="Click Element" owner="SeleniumLibrary">
<msg time="2025-12-17T20:12:42.293239" level="INFO">Clicking element 'css=button[type="submit"]'.</msg>
<arg>css=button[type="submit"]</arg>
<doc>Click the element identified by ``locator``.</doc>
<status status="PASS" start="2025-12-17T20:12:42.292751" elapsed="1.487799"/>
</kw>
<kw name="Sleep" owner="BuiltIn">
<msg time="2025-12-17T20:12:53.787853" level="INFO">Slept 10 seconds.</msg>
<arg>10s</arg>
<doc>Pauses the test executed for the given time.</doc>
<status status="PASS" start="2025-12-17T20:12:43.781002" elapsed="10.007200"/>
</kw>
<arg>${USERNAME}</arg>
<arg>${PASSWORD}</arg>
<status status="PASS" start="2025-12-17T20:12:07.814223" elapsed="45.974338"/>
</kw>
<kw name="Project Proposal Page" owner="project_resource">
<kw name="Wait Until Element Is Visible" owner="SeleniumLibrary">
<arg>xpath=//span[contains(text(), "ยื่นเสนอโครงงาน")]</arg>
<arg>10s</arg>
<doc>Waits until the element ``locator`` is visible.</doc>
<status status="PASS" start="2025-12-17T20:12:53.819341" elapsed="0.156773"/>
</kw>
<kw name="Click Element" owner="SeleniumLibrary">
<msg time="2025-12-17T20:12:53.977070" level="INFO">Clicking element 'xpath=//span[contains(text(), "ยื่นเสนอโครงงาน")]'.</msg>
<arg>xpath=//span[contains(text(), "ยื่นเสนอโครงงาน")]</arg>
<doc>Click the element identified by ``locator``.</doc>
<status status="PASS" start="2025-12-17T20:12:53.976572" elapsed="1.319782"/>
</kw>
<kw name="Sleep" owner="BuiltIn">
<msg time="2025-12-17T20:13:00.298676" level="INFO">Slept 5 seconds.</msg>
<arg>5s</arg>
<doc>Pauses the test executed for the given time.</doc>
<status status="PASS" start="2025-12-17T20:12:55.296774" elapsed="5.002312"/>
</kw>
<status status="PASS" start="2025-12-17T20:12:53.818473" elapsed="6.482688"/>
</kw>
<kw name="Create New Proposal" owner="project_resource">
<kw name="Wait Until Element Is Visible" owner="SeleniumLibrary">
<arg>xpath=//button[contains(., "สร้างคำขอเสนอโครงงานใหม่")]</arg>
<arg>10s</arg>
<doc>Waits until the element ``locator`` is visible.</doc>
<status status="PASS" start="2025-12-17T20:13:00.304591" elapsed="0.122234"/>
</kw>
<kw name="Click Element" owner="SeleniumLibrary">
<msg time="2025-12-17T20:13:00.427753" level="INFO">Clicking element 'xpath=//button[contains(., "สร้างคำขอเสนอโครงงานใหม่")]'.</msg>
<arg>xpath=//button[contains(., "สร้างคำขอเสนอโครงงานใหม่")]</arg>
<doc>Click the element identified by ``locator``.</doc>
<status status="PASS" start="2025-12-17T20:13:00.427270" elapsed="0.333044"/>
</kw>
<kw name="Sleep" owner="BuiltIn">
<msg time="2025-12-17T20:13:05.761837" level="INFO">Slept 5 seconds.</msg>
<arg>5s</arg>
<doc>Pauses the test executed for the given time.</doc>
<status status="PASS" start="2025-12-17T20:13:00.760755" elapsed="5.001346"/>
</kw>
<status status="PASS" start="2025-12-17T20:13:00.303872" elapsed="5.458490"/>
</kw>
<kw name="กรอกข้อมูลทั่วไปเกี่ยวกับโครงงาน" owner="project_resource">
<kw name="Scroll Element Into View" owner="SeleniumLibrary">
<arg>xpath=//textarea[@placeholder='ระบุบทคัดย่อ...']</arg>
<doc>Scrolls the element identified by ``locator`` into view.</doc>
<status status="PASS" start="2025-12-17T20:13:05.765876" elapsed="0.324349"/>
</kw>
<kw name="Wait Until Element Is Visible" owner="SeleniumLibrary">
<arg>xpath=//input[@placeholder='ระบุชื่อภาษาไทย...']</arg>
<arg>10s</arg>
<doc>Waits until the element ``locator`` is visible.</doc>
<status status="PASS" start="2025-12-17T20:13:06.090653" elapsed="0.048865"/>
</kw>
<kw name="Input Text" owner="SeleniumLibrary">
<msg time="2025-12-17T20:13:06.140650" level="INFO">Typing text 'โครงงานทดสอบอัตโนมัติ' into text field 'xpath=//input[@placeholder='ระบุชื่อภาษาไทย...']'.</msg>
<arg>xpath=//input[@placeholder='ระบุชื่อภาษาไทย...']</arg>
<arg>${TH_TITLE}</arg>
<doc>Types the given ``text`` into the text field identified by ``locator``.</doc>
<status status="PASS" start="2025-12-17T20:13:06.140030" elapsed="0.773656"/>
</kw>
<kw name="Input Text" owner="SeleniumLibrary">
<msg time="2025-12-17T20:13:06.915620" level="INFO">Typing text 'Automated Testing Project' into text field 'xpath=//input[@placeholder='Specify English title...']'.</msg>
<arg>xpath=//input[@placeholder='Specify English title...']</arg>
<arg>${EN_TITLE}</arg>
<doc>Types the given ``text`` into the text field identified by ``locator``.</doc>
<status status="PASS" start="2025-12-17T20:13:06.914470" elapsed="1.469728"/>
</kw>
<kw name="Input Text" owner="SeleniumLibrary">
<msg time="2025-12-17T20:13:08.385277" level="INFO">Typing text 'Automated Testing Project Abstract' into text field 'xpath=//textarea[@placeholder='ระบุบทคัดย่อ...']'.</msg>
<arg>xpath=//textarea[@placeholder='ระบุบทคัดย่อ...']</arg>
<arg>${ABSTRACT}</arg>
<doc>Types the given ``text`` into the text field identified by ``locator``.</doc>
<status status="PASS" start="2025-12-17T20:13:08.384664" elapsed="1.172533"/>
</kw>
<arg>โครงงานทดสอบอัตโนมัติ</arg>
<arg>Automated Testing Project</arg>
<arg>Automated Testing Project Abstract</arg>
<status status="PASS" start="2025-12-17T20:13:05.763648" elapsed="3.794036"/>
</kw>
<kw name="กดปุ่มถัดไป" owner="project_resource">
<kw name="Wait Until Element Is Visible" owner="SeleniumLibrary">
<arg>xpath=//button[contains(., "ถัดไป")]</arg>
<arg>10s</arg>
<doc>Waits until the element ``locator`` is visible.</doc>
<status status="PASS" start="2025-12-17T20:13:09.563674" elapsed="0.096638"/>
</kw>
<kw name="Click Element" owner="SeleniumLibrary">
<msg time="2025-12-17T20:13:09.661636" level="INFO">Clicking element 'xpath=//button[contains(., "ถัดไป")]'.</msg>
<arg>xpath=//button[contains(., "ถัดไป")]</arg>
<doc>Click the element identified by ``locator``.</doc>
<status status="PASS" start="2025-12-17T20:13:09.661051" elapsed="0.238886"/>
</kw>
<status status="PASS" start="2025-12-17T20:13:09.562872" elapsed="0.337358"/>
</kw>
<kw name="กรอกรายละเอียดโครงงาน" owner="project_resource">
<kw name="Wait Until Element Is Visible" owner="SeleniumLibrary">
<arg>xpath=//label[contains(., "ที่มาและความสำคัญ")]/following-sibling::textarea[1]</arg>
<arg>10s</arg>
<doc>Waits until the element ``locator`` is visible.</doc>
<status status="PASS" start="2025-12-17T20:13:09.907503" elapsed="0.082763"/>
</kw>
<kw name="Input Text" owner="SeleniumLibrary">
<msg time="2025-12-17T20:13:09.991613" level="INFO">Typing text 'ที่มาของโครงงานทดสอบอัตโนมัติ' into text field 'xpath=//label[contains(., "ที่มาและความสำคัญ")]/following-sibling::textarea[1]'.</msg>
<arg>xpath=//label[contains(., "ที่มาและความสำคัญ")]/following-sibling::textarea[1]</arg>
<arg>${BACKGROUND_INFO}</arg>
<doc>Types the given ``text`` into the text field identified by ``locator``.</doc>
<status status="PASS" start="2025-12-17T20:13:09.990716" elapsed="0.735001"/>
</kw>
<kw name="Wait Until Element Is Visible" owner="SeleniumLibrary">
<arg>xpath=//label[contains(., "วัตถุประสงค์")]/following-sibling::textarea[1]</arg>
<arg>10s</arg>
<doc>Waits until the element ``locator`` is visible.</doc>
<status status="PASS" start="2025-12-17T20:13:10.726169" elapsed="0.084248"/>
</kw>
<kw name="Input Text" owner="SeleniumLibrary">
<msg time="2025-12-17T20:13:10.811531" level="INFO">Typing text 'วัตถุประสงค์ของโครงงานทดสอบอัตโนมัติ' into text field 'xpath=//label[contains(., "วัตถุประสงค์")]/following-sibling::textarea[1]'.</msg>
<arg>xpath=//label[contains(., "วัตถุประสงค์")]/following-sibling::textarea[1]</arg>
<arg>${OBJECTIVES}</arg>
<doc>Types the given ``text`` into the text field identified by ``locator``.</doc>
<status status="PASS" start="2025-12-17T20:13:10.810899" elapsed="0.778234"/>
</kw>
<kw name="Wait Until Element Is Visible" owner="SeleniumLibrary">
<arg>xpath=//label[contains(., "ขอบเขตของโครงงาน")]/following-sibling::textarea[1]</arg>
<arg>10s</arg>
<doc>Waits until the element ``locator`` is visible.</doc>
<status status="PASS" start="2025-12-17T20:13:11.589572" elapsed="0.052682"/>
</kw>
<kw name="Input Text" owner="SeleniumLibrary">
<msg time="2025-12-17T20:13:11.643391" level="INFO">Typing text 'ขอบเขตของโครงงานทดสอบอัตโนมัติ' into text field 'xpath=//label[contains(., "ขอบเขตของโครงงาน")]/following-sibling::textarea[1]'.</msg>
<arg>xpath=//label[contains(., "ขอบเขตของโครงงาน")]/following-sibling::textarea[1]</arg>
<arg>${SCOPE}</arg>
<doc>Types the given ``text`` into the text field identified by ``locator``.</doc>
<status status="PASS" start="2025-12-17T20:13:11.642736" elapsed="0.790715"/>
</kw>
<kw name="Wait Until Element Is Visible" owner="SeleniumLibrary">
<arg>xpath=//label[contains(., "ประโยชน์ที่คาดว่าจะได้รับ")]/following-sibling::textarea[1]</arg>
<arg>10s</arg>
<doc>Waits until the element ``locator`` is visible.</doc>
<status status="PASS" start="2025-12-17T20:13:12.433925" elapsed="0.050900"/>
</kw>
<kw name="Input Text" owner="SeleniumLibrary">
<msg time="2025-12-17T20:13:12.485894" level="INFO">Typing text 'ผลลัพธ์ที่คาดหวังจากโครงงานทดสอบอัตโนมัติ' into text field 'xpath=//label[contains(., "ประโยชน์ที่คาดว่าจะได้รับ")]/following-sibling::textarea[1]'.</msg>
<arg>xpath=//label[contains(., "ประโยชน์ที่คาดว่าจะได้รับ")]/following-sibling::textarea[1]</arg>
<arg>${EXPECTED_RESULTS}</arg>
<doc>Types the given ``text`` into the text field identified by ``locator``.</doc>
<status status="PASS" start="2025-12-17T20:13:12.485275" elapsed="0.923484"/>
</kw>
<arg>ที่มาของโครงงานทดสอบอัตโนมัติ</arg>
<arg>วัตถุประสงค์ของโครงงานทดสอบอัตโนมัติ</arg>
<arg>ขอบเขตของโครงงานทดสอบอัตโนมัติ</arg>
<arg>ผลลัพธ์ที่คาดหวังจากโครงงานทดสอบอัตโนมัติ</arg>
<status status="PASS" start="2025-12-17T20:13:09.905625" elapsed="3.503952"/>
</kw>
<kw name="กดปุ่มถัดไป" owner="project_resource">
<kw name="Wait Until Element Is Visible" owner="SeleniumLibrary">
<arg>xpath=//button[contains(., "ถัดไป")]</arg>
<arg>10s</arg>
<doc>Waits until the element ``locator`` is visible.</doc>
<status status="PASS" start="2025-12-17T20:13:13.413179" elapsed="0.241148"/>
</kw>
<kw name="Click Element" owner="SeleniumLibrary">
<msg time="2025-12-17T20:13:13.655251" level="INFO">Clicking element 'xpath=//button[contains(., "ถัดไป")]'.</msg>
<arg>xpath=//button[contains(., "ถัดไป")]</arg>
<doc>Click the element identified by ``locator``.</doc>
<status status="PASS" start="2025-12-17T20:13:13.654771" elapsed="0.263696"/>
</kw>
<status status="PASS" start="2025-12-17T20:13:13.412381" elapsed="0.506376"/>
</kw>
<kw name="กรอกข้อมูลแผนการดำเนินงานโครงงาน" owner="project_resource">
<kw name="Wait Until Element Is Visible" owner="SeleniumLibrary">
<arg>xpath=//input[@placeholder='เช่น ศึกษาข้อมูล, พัฒนาระบบ...']</arg>
<arg>10s</arg>
<doc>Waits until the element ``locator`` is visible.</doc>
<status status="PASS" start="2025-12-17T20:13:13.924165" elapsed="0.097057"/>
</kw>
<kw name="Input Text" owner="SeleniumLibrary">
<msg time="2025-12-17T20:13:14.022398" level="INFO">Typing text 'ศึกษาค้นคว้า' into text field 'xpath=//input[@placeholder='เช่น ศึกษาข้อมูล, พัฒนาระบบ...']'.</msg>
<arg>xpath=//input[@placeholder='เช่น ศึกษาข้อมูล, พัฒนาระบบ...']</arg>
<arg>${ACTIVITY_NAME}</arg>
<doc>Types the given ``text`` into the text field identified by ``locator``.</doc>
<status status="PASS" start="2025-12-17T20:13:14.021661" elapsed="0.640941"/>
</kw>
<kw name="Input Text" owner="SeleniumLibrary">
<msg time="2025-12-17T20:13:14.663803" level="INFO">Typing text '1' into text field 'xpath=(//input[@type='number' and @min='1' and @max='12'])[1]'.</msg>
<arg>xpath=(//input[@type='number' and @min='1' and @max='12'])[1]</arg>
<arg>${START_MONTH}</arg>
<doc>Types the given ``text`` into the text field identified by ``locator``.</doc>
<status status="PASS" start="2025-12-17T20:13:14.663036" elapsed="0.252251"/>
</kw>
<kw name="Input Text" owner="SeleniumLibrary">
<msg time="2025-12-17T20:13:14.916540" level="INFO">Typing text '3' into text field 'xpath=(//input[@type='number' and @min='1' and @max='12'])[2]'.</msg>
<arg>xpath=(//input[@type='number' and @min='1' and @max='12'])[2]</arg>
<arg>${END_MONTH}</arg>
<doc>Types the given ``text`` into the text field identified by ``locator``.</doc>
<status status="PASS" start="2025-12-17T20:13:14.915901" elapsed="0.263565"/>
</kw>
<arg>ศึกษาค้นคว้า</arg>
<arg>1</arg>
<arg>3</arg>
<status status="PASS" start="2025-12-17T20:13:13.923267" elapsed="1.256636"/>
</kw>
<kw name="กดปุ่มถัดไป" owner="project_resource">
<kw name="Wait Until Element Is Visible" owner="SeleniumLibrary">
<arg>xpath=//button[contains(., "ถัดไป")]</arg>
<arg>10s</arg>
<doc>Waits until the element ``locator`` is visible.</doc>
<status status="PASS" start="2025-12-17T20:13:15.193361" elapsed="0.075331"/>
</kw>
<kw name="Click Element" owner="SeleniumLibrary">
<msg time="2025-12-17T20:13:15.270167" level="INFO">Clicking element 'xpath=//button[contains(., "ถัดไป")]'.</msg>
<arg>xpath=//button[contains(., "ถัดไป")]</arg>
<doc>Click the element identified by ``locator``.</doc>
<status status="PASS" start="2025-12-17T20:13:15.269621" elapsed="0.198117"/>
</kw>
<status status="PASS" start="2025-12-17T20:13:15.191863" elapsed="0.276373"/>
</kw>
<kw name="กรอกประมาณการงบประมาณโครงงาน" owner="project_resource">
<kw name="Input Text" owner="SeleniumLibrary">
<msg time="2025-12-17T20:13:15.476127" level="INFO">Typing text 'Rasberry Pi' into text field 'xpath=(//input[not(@type='number')])[1]'.</msg>
<arg>xpath=(//input[not(@type='number')])[1]</arg>
<arg>${ITEM_NAME}</arg>
<doc>Types the given ``text`` into the text field identified by ``locator``.</doc>
<status status="PASS" start="2025-12-17T20:13:15.475366" elapsed="1.458214"/>
</kw>
<kw name="Input Text" owner="SeleniumLibrary">
<msg time="2025-12-17T20:13:16.934672" level="INFO">Typing text 'RAM 16GB' into text field 'xpath=(//input[not(@type='number')])[2]'.</msg>
<arg>xpath=(//input[not(@type='number')])[2]</arg>
<arg>${DESCRITION}</arg>
<doc>Types the given ``text`` into the text field identified by ``locator``.</doc>
<status status="PASS" start="2025-12-17T20:13:16.934056" elapsed="0.328688"/>
</kw>
<kw name="Input Text" owner="SeleniumLibrary">
<msg time="2025-12-17T20:13:17.263805" level="INFO">Typing text '3000' into text field 'xpath=//input[@type='number' and @min='0']'.</msg>
<arg>xpath=//input[@type='number' and @min='0']</arg>
<arg>${PRICE_PER_ITEM}</arg>
<doc>Types the given ``text`` into the text field identified by ``locator``.</doc>
<status status="PASS" start="2025-12-17T20:13:17.263195" elapsed="0.274523"/>
</kw>
<kw name="Input Text" owner="SeleniumLibrary">
<msg time="2025-12-17T20:13:17.538797" level="INFO">Typing text '1' into text field 'xpath=//input[@type='number' and @min='1']'.</msg>
<arg>xpath=//input[@type='number' and @min='1']</arg>
<arg>${QUANTITY}</arg>
<doc>Types the given ``text`` into the text field identified by ``locator``.</doc>
<status status="PASS" start="2025-12-17T20:13:17.538190" elapsed="0.338305"/>
</kw>
<arg>Rasberry Pi</arg>
<arg>RAM 16GB</arg>
<arg>3000</arg>
<arg>1</arg>
<status status="PASS" start="2025-12-17T20:13:15.474389" elapsed="2.402408"/>
</kw>
<kw name="กดปุ่มถัดไป" owner="project_resource">
<kw name="Wait Until Element Is Visible" owner="SeleniumLibrary">
<arg>xpath=//button[contains(., "ถัดไป")]</arg>
<arg>10s</arg>
<doc>Waits until the element ``locator`` is visible.</doc>
<status status="PASS" start="2025-12-17T20:13:17.878912" elapsed="0.217352"/>
</kw>
<kw name="Click Element" owner="SeleniumLibrary">
<msg time="2025-12-17T20:13:18.097806" level="INFO">Clicking element 'xpath=//button[contains(., "ถัดไป")]'.</msg>
<arg>xpath=//button[contains(., "ถัดไป")]</arg>
<doc>Click the element identified by ``locator``.</doc>
<status status="PASS" start="2025-12-17T20:13:18.096741" elapsed="0.399409"/>
</kw>
<status status="PASS" start="2025-12-17T20:13:17.878188" elapsed="0.618250"/>
</kw>
<kw name="Scroll Element Into View" owner="SeleniumLibrary">
<arg>xpath=//button[@type='button' and contains(., "ยืนยันและเสนอโครงงาน")]</arg>
<doc>Scrolls the element identified by ``locator`` into view.</doc>
<status status="PASS" start="2025-12-17T20:13:18.498235" elapsed="0.350556"/>
</kw>
<kw name="Wait Until Element Is Visible" owner="SeleniumLibrary">
<arg>xpath=//button[@type='button' and contains(., "ยืนยันและเสนอโครงงาน")]</arg>
<doc>Waits until the element ``locator`` is visible.</doc>
<status status="PASS" start="2025-12-17T20:13:18.850949" elapsed="0.129159"/>
</kw>
<kw name="Click Element" owner="SeleniumLibrary">
<msg time="2025-12-17T20:13:18.982865" level="INFO">Clicking element 'xpath=//button[@type='button' and contains(., "ยืนยันและเสนอโครงงาน")]'.</msg>
<arg>xpath=//button[@type='button' and contains(., "ยืนยันและเสนอโครงงาน")]</arg>
<doc>Click the element identified by ``locator``.</doc>
<status status="PASS" start="2025-12-17T20:13:18.982327" elapsed="0.209301"/>
</kw>
<kw name="Alert Should Be Present" owner="SeleniumLibrary">
<msg time="2025-12-17T20:13:19.195419" level="INFO">HANDLE::&lt;class 'NoneType'&gt;::None</msg>
<arg>action=ACCEPT</arg>
<doc>Verifies that an alert is present and by default, accepts it.</doc>
<status status="PASS" start="2025-12-17T20:13:19.194565" elapsed="0.159657"/>
</kw>
<kw name="Sleep" owner="BuiltIn">
<msg time="2025-12-17T20:13:24.421141" level="INFO">Slept 5 seconds.</msg>
<arg>5s</arg>
<doc>Pauses the test executed for the given time.</doc>
<status status="PASS" start="2025-12-17T20:13:19.355371" elapsed="5.066051"/>
</kw>
<kw name="Handle Alert" owner="SeleniumLibrary">
<msg time="2025-12-17T20:13:24.425588" level="INFO">HANDLE::&lt;class 'NoneType'&gt;::None</msg>
<msg time="2025-12-17T20:13:24.511310" level="INFO">${alert_message} = ✅ ยื่นเสนอโครงงานสำเร็จ!</msg>
<var>${alert_message}</var>
<arg>action=ACCEPT</arg>
<doc>Handles the current alert and returns its message.</doc>
<status status="PASS" start="2025-12-17T20:13:24.425153" elapsed="0.086443"/>
</kw>
<kw name="Should Contain" owner="BuiltIn">
<arg>${alert_message}</arg>
<arg>ยื่นเสนอโครงงานสำเร็จ!</arg>
<doc>Fails if ``container`` does not contain ``item`` one or more times.</doc>
<status status="PASS" start="2025-12-17T20:13:24.793725" elapsed="0.000737"/>
</kw>
<kw name="Sleep" owner="BuiltIn">
<msg time="2025-12-17T20:13:26.796727" level="INFO">Slept 2 seconds.</msg>
<arg>2s</arg>
<doc>Pauses the test executed for the given time.</doc>
<status status="PASS" start="2025-12-17T20:13:24.795819" elapsed="2.002885"/>
</kw>
<kw name="Close Browser" owner="SeleniumLibrary">
<doc>Closes the current browser.</doc>
<status status="PASS" start="2025-12-17T20:13:26.800768" elapsed="3.661346"/>
</kw>
<kw name="Close Browser" owner="SeleniumLibrary" type="TEARDOWN">
<doc>Closes the current browser.</doc>
<status status="PASS" start="2025-12-17T20:13:30.463184" elapsed="0.000977"/>
</kw>
<status status="PASS" start="2025-12-17T20:12:07.813029" elapsed="82.651716"/>
</test>
<status status="PASS" start="2025-12-17T19:55:51.572893" elapsed="1058.917386"/>
</suite>
<statistics>
<total>
<stat pass="18" fail="0" skip="0">All Tests</stat>
</total>
<tag>
</tag>
<suite>
<stat name="Project" id="s1" pass="18" fail="0" skip="0">Project</stat>
</suite>
</statistics>
<errors>
</errors>
</robot>
